ERROR - 2024-11-28 02:56:15 --> mysqli_sql_exception: Table '808_starter.settings' doesn't exist in X:\00.templates\ci4-starter\dist\vendor\codeigniter4\framework\system\Database\MySQLi\Connection.php:312
Stack trace:
#0 X:\00.templates\ci4-starter\dist\vendor\codeigniter4\framework\system\Database\MySQLi\Connection.php(312): mysqli->query('SELECT *\nFROM `...', 0)
#1 X:\00.templates\ci4-starter\dist\vendor\codeigniter4\framework\system\Database\BaseConnection.php(734): CodeIgniter\Database\MySQLi\Connection->execute('SELECT *\nFROM `...')
#2 X:\00.templates\ci4-starter\dist\vendor\codeigniter4\framework\system\Database\BaseConnection.php(648): CodeIgniter\Database\BaseConnection->simpleQuery('SELECT *\nFROM `...')
#3 X:\00.templates\ci4-starter\dist\vendor\codeigniter4\framework\system\Database\BaseBuilder.php(1644): CodeIgniter\Database\BaseConnection->query('SELECT *\nFROM `...', Array, false)
#4 X:\00.templates\ci4-starter\dist\vendor\codeigniter4\settings\src\Handlers\DatabaseHandler.php(186): CodeIgniter\Database\BaseBuilder->get()
#5 X:\00.templates\ci4-starter\dist\vendor\codeigniter4\settings\src\Handlers\DatabaseHandler.php(51): CodeIgniter\Settings\Handlers\DatabaseHandler->hydrate(NULL)
#6 X:\00.templates\ci4-starter\dist\vendor\codeigniter4\settings\src\Settings.php(59): CodeIgniter\Settings\Handlers\DatabaseHandler->has('Config\\AppJay', 'siteName', NULL)
#7 X:\00.templates\ci4-starter\dist\app\Controllers\Home.php(13): CodeIgniter\Settings\Settings->get('AppJay.siteName')
#8 X:\00.templates\ci4-starter\dist\vendor\codeigniter4\framework\system\CodeIgniter.php(933): App\Controllers\Home->index()
#9 X:\00.templates\ci4-starter\dist\vendor\codeigniter4\framework\system\CodeIgniter.php(509): CodeIgniter\CodeIgniter->runController(Object(App\Controllers\Home))
#10 X:\00.templates\ci4-starter\dist\vendor\codeigniter4\framework\system\CodeIgniter.php(355): CodeIgniter\CodeIgniter->handleRequest(NULL, Object(Config\Cache), false)
#11 X:\00.templates\ci4-starter\dist\vendor\codeigniter4\framework\system\Boot.php(325): CodeIgniter\CodeIgniter->run()
#12 X:\00.templates\ci4-starter\dist\vendor\codeigniter4\framework\system\Boot.php(67): CodeIgniter\Boot::runCodeIgniter(Object(CodeIgniter\CodeIgniter))
#13 X:\00.templates\ci4-starter\public\index.php(56): CodeIgniter\Boot::bootWeb(Object(Config\Paths))
#14 X:\00.templates\ci4-starter\dist\vendor\codeigniter4\framework\system\rewrite.php(44): require_once('X:\\00.templates...')
#15 {main}
CRITICAL - 2024-11-28 02:56:15 --> CodeIgniter\Database\Exceptions\DatabaseException: Table '808_starter.settings' doesn't exist
[Method: GET, Route: /]
in SYSTEMPATH\Database\BaseConnection.php on line 688.
 1 SYSTEMPATH\Database\BaseBuilder.php(1644): CodeIgniter\Database\BaseConnection->query('SELECT *
FROM `settings`
WHERE `context` IS NULL', [], false)
 2 VENDORPATH\codeigniter4\settings\src\Handlers\DatabaseHandler.php(186): CodeIgniter\Database\BaseBuilder->get()
 3 VENDORPATH\codeigniter4\settings\src\Handlers\DatabaseHandler.php(51): CodeIgniter\Settings\Handlers\DatabaseHandler->hydrate(null)
 4 VENDORPATH\codeigniter4\settings\src\Settings.php(59): CodeIgniter\Settings\Handlers\DatabaseHandler->has('Config\\AppJay', 'siteName', null)
 5 APPPATH\Controllers\Home.php(13): CodeIgniter\Settings\Settings->get('AppJay.siteName')
 6 SYSTEMPATH\CodeIgniter.php(933): App\Controllers\Home->index()
 7 SYSTEMPATH\CodeIgniter.php(509): CodeIgniter\CodeIgniter->runController(Object(App\Controllers\Home))
 8 SYSTEMPATH\CodeIgniter.php(355): CodeIgniter\CodeIgniter->handleRequest(null, Object(Config\Cache), false)
 9 SYSTEMPATH\Boot.php(325): CodeIgniter\CodeIgniter->run()
10 SYSTEMPATH\Boot.php(67): CodeIgniter\Boot::runCodeIgniter(Object(CodeIgniter\CodeIgniter))
11 FCPATH\index.php(56): CodeIgniter\Boot::bootWeb(Object(Config\Paths))
12 SYSTEMPATH\rewrite.php(44): require_once('X:\\00.templates\\ci4-starter\\public\\index.php')
CRITICAL - 2024-11-28 02:56:15 --> [Caused by] CodeIgniter\Database\Exceptions\DatabaseException: Table '808_starter.settings' doesn't exist
in SYSTEMPATH\Database\MySQLi\Connection.php on line 317.
 1 SYSTEMPATH\Database\BaseConnection.php(734): CodeIgniter\Database\MySQLi\Connection->execute('SELECT *
FROM `settings`
WHERE `context` IS NULL')
 2 SYSTEMPATH\Database\BaseConnection.php(648): CodeIgniter\Database\BaseConnection->simpleQuery('SELECT *
FROM `settings`
WHERE `context` IS NULL')
 3 SYSTEMPATH\Database\BaseBuilder.php(1644): CodeIgniter\Database\BaseConnection->query('SELECT *
FROM `settings`
WHERE `context` IS NULL', [], false)
 4 VENDORPATH\codeigniter4\settings\src\Handlers\DatabaseHandler.php(186): CodeIgniter\Database\BaseBuilder->get()
 5 VENDORPATH\codeigniter4\settings\src\Handlers\DatabaseHandler.php(51): CodeIgniter\Settings\Handlers\DatabaseHandler->hydrate(null)
 6 VENDORPATH\codeigniter4\settings\src\Settings.php(59): CodeIgniter\Settings\Handlers\DatabaseHandler->has('Config\\AppJay', 'siteName', null)
 7 APPPATH\Controllers\Home.php(13): CodeIgniter\Settings\Settings->get('AppJay.siteName')
 8 SYSTEMPATH\CodeIgniter.php(933): App\Controllers\Home->index()
 9 SYSTEMPATH\CodeIgniter.php(509): CodeIgniter\CodeIgniter->runController(Object(App\Controllers\Home))
10 SYSTEMPATH\CodeIgniter.php(355): CodeIgniter\CodeIgniter->handleRequest(null, Object(Config\Cache), false)
11 SYSTEMPATH\Boot.php(325): CodeIgniter\CodeIgniter->run()
12 SYSTEMPATH\Boot.php(67): CodeIgniter\Boot::runCodeIgniter(Object(CodeIgniter\CodeIgniter))
13 FCPATH\index.php(56): CodeIgniter\Boot::bootWeb(Object(Config\Paths))
14 SYSTEMPATH\rewrite.php(44): require_once('X:\\00.templates\\ci4-starter\\public\\index.php')
CRITICAL - 2024-11-28 02:56:15 --> [Caused by] mysqli_sql_exception: Table '808_starter.settings' doesn't exist
in SYSTEMPATH\Database\MySQLi\Connection.php on line 312.
 1 SYSTEMPATH\Database\MySQLi\Connection.php(312): mysqli->query('SELECT *
FROM `settings`
WHERE `context` IS NULL', 0)
 2 SYSTEMPATH\Database\BaseConnection.php(734): CodeIgniter\Database\MySQLi\Connection->execute('SELECT *
FROM `settings`
WHERE `context` IS NULL')
 3 SYSTEMPATH\Database\BaseConnection.php(648): CodeIgniter\Database\BaseConnection->simpleQuery('SELECT *
FROM `settings`
WHERE `context` IS NULL')
 4 SYSTEMPATH\Database\BaseBuilder.php(1644): CodeIgniter\Database\BaseConnection->query('SELECT *
FROM `settings`
WHERE `context` IS NULL', [], false)
 5 VENDORPATH\codeigniter4\settings\src\Handlers\DatabaseHandler.php(186): CodeIgniter\Database\BaseBuilder->get()
 6 VENDORPATH\codeigniter4\settings\src\Handlers\DatabaseHandler.php(51): CodeIgniter\Settings\Handlers\DatabaseHandler->hydrate(null)
 7 VENDORPATH\codeigniter4\settings\src\Settings.php(59): CodeIgniter\Settings\Handlers\DatabaseHandler->has('Config\\AppJay', 'siteName', null)
 8 APPPATH\Controllers\Home.php(13): CodeIgniter\Settings\Settings->get('AppJay.siteName')
 9 SYSTEMPATH\CodeIgniter.php(933): App\Controllers\Home->index()
10 SYSTEMPATH\CodeIgniter.php(509): CodeIgniter\CodeIgniter->runController(Object(App\Controllers\Home))
11 SYSTEMPATH\CodeIgniter.php(355): CodeIgniter\CodeIgniter->handleRequest(null, Object(Config\Cache), false)
12 SYSTEMPATH\Boot.php(325): CodeIgniter\CodeIgniter->run()
13 SYSTEMPATH\Boot.php(67): CodeIgniter\Boot::runCodeIgniter(Object(CodeIgniter\CodeIgniter))
14 FCPATH\index.php(56): CodeIgniter\Boot::bootWeb(Object(Config\Paths))
15 SYSTEMPATH\rewrite.php(44): require_once('X:\\00.templates\\ci4-starter\\public\\index.php')
ERROR - 2024-11-28 04:10:19 --> mysqli_sql_exception: Unknown column 'client_id' in 'field list' in X:\00.templates\ci4-starter\dist\vendor\codeigniter4\framework\system\Database\MySQLi\Connection.php:312
Stack trace:
#0 X:\00.templates\ci4-starter\dist\vendor\codeigniter4\framework\system\Database\MySQLi\Connection.php(312): mysqli->query('INSERT INTO `us...', 0)
#1 X:\00.templates\ci4-starter\dist\vendor\codeigniter4\framework\system\Database\BaseConnection.php(734): CodeIgniter\Database\MySQLi\Connection->execute('INSERT INTO `us...')
#2 X:\00.templates\ci4-starter\dist\vendor\codeigniter4\framework\system\Database\BaseConnection.php(648): CodeIgniter\Database\BaseConnection->simpleQuery('INSERT INTO `us...')
#3 X:\00.templates\ci4-starter\dist\vendor\codeigniter4\framework\system\Database\BaseBuilder.php(2340): CodeIgniter\Database\BaseConnection->query('INSERT INTO `us...', Array, false)
#4 X:\00.templates\ci4-starter\dist\vendor\codeigniter4\framework\system\Model.php(394): CodeIgniter\Database\BaseBuilder->insert()
#5 X:\00.templates\ci4-starter\dist\vendor\codeigniter4\framework\system\BaseModel.php(840): CodeIgniter\Model->doInsert(Array)
#6 X:\00.templates\ci4-starter\dist\vendor\codeigniter4\framework\system\Model.php(802): CodeIgniter\BaseModel->insert(Array, false)
#7 X:\00.templates\ci4-starter\dist\vendor\codeigniter4\shield\src\Models\UserModel.php(270): CodeIgniter\Model->insert(Object(App\Entities\User), false)
#8 X:\00.templates\ci4-starter\dist\vendor\codeigniter4\framework\system\BaseModel.php(751): CodeIgniter\Shield\Models\UserModel->insert(Object(App\Entities\User), false)
#9 X:\00.templates\ci4-starter\dist\vendor\codeigniter4\shield\src\Models\UserModel.php(332): CodeIgniter\BaseModel->save(Object(App\Entities\User))
#10 X:\00.templates\ci4-starter\dist\app\Database\Seeds\UserSeeder.php(45): CodeIgniter\Shield\Models\UserModel->save(Object(App\Entities\User))
#11 X:\00.templates\ci4-starter\dist\vendor\codeigniter4\framework\system\Database\Seeder.php(147): App\Database\Seeds\UserSeeder->run()
#12 X:\00.templates\ci4-starter\dist\app\Database\Seeds\A1Seeder.php(11): CodeIgniter\Database\Seeder->call('App\\Database\\Se...')
#13 X:\00.templates\ci4-starter\dist\vendor\codeigniter4\framework\system\Database\Seeder.php(147): App\Database\Seeds\A1Seeder->run()
#14 X:\00.templates\ci4-starter\dist\app\Database\Seeds\BaseSeeder.php(13): CodeIgniter\Database\Seeder->call('App\\Database\\Se...')
#15 X:\00.templates\ci4-starter\dist\vendor\codeigniter4\framework\system\Database\Seeder.php(147): App\Database\Seeds\BaseSeeder->run()
#16 X:\00.templates\ci4-starter\dist\app\Commands\Install.php(81): CodeIgniter\Database\Seeder->call('App\\Database\\Se...')
#17 X:\00.templates\ci4-starter\dist\app\Commands\Install.php(53): App\Commands\Install->runSeeder()
#18 X:\00.templates\ci4-starter\dist\vendor\codeigniter4\framework\system\CLI\Commands.php(70): App\Commands\Install->run(Array)
#19 X:\00.templates\ci4-starter\dist\vendor\codeigniter4\framework\system\CLI\Console.php(48): CodeIgniter\CLI\Commands->run('starter:install', Array)
#20 X:\00.templates\ci4-starter\dist\vendor\codeigniter4\framework\system\Boot.php(351): CodeIgniter\CLI\Console->run()
#21 X:\00.templates\ci4-starter\dist\vendor\codeigniter4\framework\system\Boot.php(104): CodeIgniter\Boot::runCommand(Object(CodeIgniter\CLI\Console))
#22 X:\00.templates\ci4-starter\dist\spark(84): CodeIgniter\Boot::bootSpark(Object(Config\Paths))
#23 {main}
CRITICAL - 2024-11-28 04:10:19 --> CodeIgniter\Database\Exceptions\DatabaseException: Unknown column 'client_id' in 'field list'
[Method: CLI, Route: starter:install]
in SYSTEMPATH\Database\BaseConnection.php on line 688.
 1 SYSTEMPATH\Database\BaseBuilder.php(2340): CodeIgniter\Database\BaseConnection->query('INSERT INTO `users` (`username`, `first_name`, `last_name`, `dob`, `client_id`, `description`, `avatar`, `image`, `mobile_number`, `message_checked_at`, `notification_checked_at`, `job_title`, `user_type`, `note`, `sticky_note`, `enable_web_notification`, `enable_email_notification`, `whatsapp`, `instagram`, `facebook`, `twitter`, `linked_in`, `skype`, `tiktok`, `created_at`, `updated_at`) VALUES (:username:, :first_name:, :last_name:, :dob:, :client_id:, :description:, :avatar:, :image:, :mobile_number:, :message_checked_at:, :notification_checked_at:, :job_title:, :user_type:, :note:, :sticky_note:, :enable_web_notification:, :enable_email_notification:, :whatsapp:, :instagram:, :facebook:, :twitter:, :linked_in:, :skype:, :tiktok:, :created_at:, :updated_at:)', [...], false)
 2 SYSTEMPATH\Model.php(394): CodeIgniter\Database\BaseBuilder->insert()
 3 SYSTEMPATH\BaseModel.php(840): CodeIgniter\Model->doInsert([...])
 4 SYSTEMPATH\Model.php(802): CodeIgniter\BaseModel->insert([...], false)
 5 VENDORPATH\codeigniter4\shield\src\Models\UserModel.php(270): CodeIgniter\Model->insert(Object(App\Entities\User), false)
 6 SYSTEMPATH\BaseModel.php(751): CodeIgniter\Shield\Models\UserModel->insert(Object(App\Entities\User), false)
 7 VENDORPATH\codeigniter4\shield\src\Models\UserModel.php(332): CodeIgniter\BaseModel->save(Object(App\Entities\User))
 8 APPPATH\Database\Seeds\UserSeeder.php(45): CodeIgniter\Shield\Models\UserModel->save(Object(App\Entities\User))
 9 SYSTEMPATH\Database\Seeder.php(147): App\Database\Seeds\UserSeeder->run()
10 APPPATH\Database\Seeds\A1Seeder.php(11): CodeIgniter\Database\Seeder->call('App\\Database\\Seeds\\UserSeeder')
11 SYSTEMPATH\Database\Seeder.php(147): App\Database\Seeds\A1Seeder->run()
12 APPPATH\Database\Seeds\BaseSeeder.php(13): CodeIgniter\Database\Seeder->call('App\\Database\\Seeds\\A1Seeder')
13 SYSTEMPATH\Database\Seeder.php(147): App\Database\Seeds\BaseSeeder->run()
14 APPPATH\Commands\Install.php(81): CodeIgniter\Database\Seeder->call('App\\Database\\Seeds\\BaseSeeder')
15 APPPATH\Commands\Install.php(53): App\Commands\Install->runSeeder()
16 SYSTEMPATH\CLI\Commands.php(70): App\Commands\Install->run([])
17 SYSTEMPATH\CLI\Console.php(48): CodeIgniter\CLI\Commands->run('starter:install', [])
18 SYSTEMPATH\Boot.php(351): CodeIgniter\CLI\Console->run()
19 SYSTEMPATH\Boot.php(104): CodeIgniter\Boot::runCommand(Object(CodeIgniter\CLI\Console))
20 ROOTPATH\spark(84): CodeIgniter\Boot::bootSpark(Object(Config\Paths))
CRITICAL - 2024-11-28 04:10:19 --> [Caused by] CodeIgniter\Database\Exceptions\DatabaseException: Unknown column 'client_id' in 'field list'
in SYSTEMPATH\Database\MySQLi\Connection.php on line 317.
 1 SYSTEMPATH\Database\BaseConnection.php(734): CodeIgniter\Database\MySQLi\Connection->execute('INSERT INTO `users` (`username`, `first_name`, `last_name`, `dob`, `client_id`, `description`, `avatar`, `image`, `mobile_number`, `message_checked_at`, `notification_checked_at`, `job_title`, `user_type`, `note`, `sticky_note`, `enable_web_notification`, `enable_email_notification`, `whatsapp`, `instagram`, `facebook`, `twitter`, `linked_in`, `skype`, `tiktok`, `created_at`, `updated_at`) VALUES (\'JayLamping\', \'John\', \'Lamping\', \'1963-03-07\', \'1050\', \'no desc yet\', \'01.png\', \'bg-profile-default.jpg\', \'8585551212\', \'\', \'\', \'President\', \'staff\', \'add a better note here\', \'add a better sticky note here\', \'1\', \'1\', \'@808biz\', \'@808biz\', \'@808biz\', \'@808biz\', \'@808biz\', \'@808biz\', \'@808biz\', \'2024-11-28 04:10:19\', \'2024-11-28 04:10:19\')')
 2 SYSTEMPATH\Database\BaseConnection.php(648): CodeIgniter\Database\BaseConnection->simpleQuery('INSERT INTO `users` (`username`, `first_name`, `last_name`, `dob`, `client_id`, `description`, `avatar`, `image`, `mobile_number`, `message_checked_at`, `notification_checked_at`, `job_title`, `user_type`, `note`, `sticky_note`, `enable_web_notification`, `enable_email_notification`, `whatsapp`, `instagram`, `facebook`, `twitter`, `linked_in`, `skype`, `tiktok`, `created_at`, `updated_at`) VALUES (\'JayLamping\', \'John\', \'Lamping\', \'1963-03-07\', \'1050\', \'no desc yet\', \'01.png\', \'bg-profile-default.jpg\', \'8585551212\', \'\', \'\', \'President\', \'staff\', \'add a better note here\', \'add a better sticky note here\', \'1\', \'1\', \'@808biz\', \'@808biz\', \'@808biz\', \'@808biz\', \'@808biz\', \'@808biz\', \'@808biz\', \'2024-11-28 04:10:19\', \'2024-11-28 04:10:19\')')
 3 SYSTEMPATH\Database\BaseBuilder.php(2340): CodeIgniter\Database\BaseConnection->query('INSERT INTO `users` (`username`, `first_name`, `last_name`, `dob`, `client_id`, `description`, `avatar`, `image`, `mobile_number`, `message_checked_at`, `notification_checked_at`, `job_title`, `user_type`, `note`, `sticky_note`, `enable_web_notification`, `enable_email_notification`, `whatsapp`, `instagram`, `facebook`, `twitter`, `linked_in`, `skype`, `tiktok`, `created_at`, `updated_at`) VALUES (:username:, :first_name:, :last_name:, :dob:, :client_id:, :description:, :avatar:, :image:, :mobile_number:, :message_checked_at:, :notification_checked_at:, :job_title:, :user_type:, :note:, :sticky_note:, :enable_web_notification:, :enable_email_notification:, :whatsapp:, :instagram:, :facebook:, :twitter:, :linked_in:, :skype:, :tiktok:, :created_at:, :updated_at:)', [...], false)
 4 SYSTEMPATH\Model.php(394): CodeIgniter\Database\BaseBuilder->insert()
 5 SYSTEMPATH\BaseModel.php(840): CodeIgniter\Model->doInsert([...])
 6 SYSTEMPATH\Model.php(802): CodeIgniter\BaseModel->insert([...], false)
 7 VENDORPATH\codeigniter4\shield\src\Models\UserModel.php(270): CodeIgniter\Model->insert(Object(App\Entities\User), false)
 8 SYSTEMPATH\BaseModel.php(751): CodeIgniter\Shield\Models\UserModel->insert(Object(App\Entities\User), false)
 9 VENDORPATH\codeigniter4\shield\src\Models\UserModel.php(332): CodeIgniter\BaseModel->save(Object(App\Entities\User))
10 APPPATH\Database\Seeds\UserSeeder.php(45): CodeIgniter\Shield\Models\UserModel->save(Object(App\Entities\User))
11 SYSTEMPATH\Database\Seeder.php(147): App\Database\Seeds\UserSeeder->run()
12 APPPATH\Database\Seeds\A1Seeder.php(11): CodeIgniter\Database\Seeder->call('App\\Database\\Seeds\\UserSeeder')
13 SYSTEMPATH\Database\Seeder.php(147): App\Database\Seeds\A1Seeder->run()
14 APPPATH\Database\Seeds\BaseSeeder.php(13): CodeIgniter\Database\Seeder->call('App\\Database\\Seeds\\A1Seeder')
15 SYSTEMPATH\Database\Seeder.php(147): App\Database\Seeds\BaseSeeder->run()
16 APPPATH\Commands\Install.php(81): CodeIgniter\Database\Seeder->call('App\\Database\\Seeds\\BaseSeeder')
17 APPPATH\Commands\Install.php(53): App\Commands\Install->runSeeder()
18 SYSTEMPATH\CLI\Commands.php(70): App\Commands\Install->run([])
19 SYSTEMPATH\CLI\Console.php(48): CodeIgniter\CLI\Commands->run('starter:install', [])
20 SYSTEMPATH\Boot.php(351): CodeIgniter\CLI\Console->run()
21 SYSTEMPATH\Boot.php(104): CodeIgniter\Boot::runCommand(Object(CodeIgniter\CLI\Console))
22 ROOTPATH\spark(84): CodeIgniter\Boot::bootSpark(Object(Config\Paths))
CRITICAL - 2024-11-28 04:10:19 --> [Caused by] mysqli_sql_exception: Unknown column 'client_id' in 'field list'
in SYSTEMPATH\Database\MySQLi\Connection.php on line 312.
 1 SYSTEMPATH\Database\MySQLi\Connection.php(312): mysqli->query('INSERT INTO `users` (`username`, `first_name`, `last_name`, `dob`, `client_id`, `description`, `avatar`, `image`, `mobile_number`, `message_checked_at`, `notification_checked_at`, `job_title`, `user_type`, `note`, `sticky_note`, `enable_web_notification`, `enable_email_notification`, `whatsapp`, `instagram`, `facebook`, `twitter`, `linked_in`, `skype`, `tiktok`, `created_at`, `updated_at`) VALUES (\'JayLamping\', \'John\', \'Lamping\', \'1963-03-07\', \'1050\', \'no desc yet\', \'01.png\', \'bg-profile-default.jpg\', \'8585551212\', \'\', \'\', \'President\', \'staff\', \'add a better note here\', \'add a better sticky note here\', \'1\', \'1\', \'@808biz\', \'@808biz\', \'@808biz\', \'@808biz\', \'@808biz\', \'@808biz\', \'@808biz\', \'2024-11-28 04:10:19\', \'2024-11-28 04:10:19\')', 0)
 2 SYSTEMPATH\Database\BaseConnection.php(734): CodeIgniter\Database\MySQLi\Connection->execute('INSERT INTO `users` (`username`, `first_name`, `last_name`, `dob`, `client_id`, `description`, `avatar`, `image`, `mobile_number`, `message_checked_at`, `notification_checked_at`, `job_title`, `user_type`, `note`, `sticky_note`, `enable_web_notification`, `enable_email_notification`, `whatsapp`, `instagram`, `facebook`, `twitter`, `linked_in`, `skype`, `tiktok`, `created_at`, `updated_at`) VALUES (\'JayLamping\', \'John\', \'Lamping\', \'1963-03-07\', \'1050\', \'no desc yet\', \'01.png\', \'bg-profile-default.jpg\', \'8585551212\', \'\', \'\', \'President\', \'staff\', \'add a better note here\', \'add a better sticky note here\', \'1\', \'1\', \'@808biz\', \'@808biz\', \'@808biz\', \'@808biz\', \'@808biz\', \'@808biz\', \'@808biz\', \'2024-11-28 04:10:19\', \'2024-11-28 04:10:19\')')
 3 SYSTEMPATH\Database\BaseConnection.php(648): CodeIgniter\Database\BaseConnection->simpleQuery('INSERT INTO `users` (`username`, `first_name`, `last_name`, `dob`, `client_id`, `description`, `avatar`, `image`, `mobile_number`, `message_checked_at`, `notification_checked_at`, `job_title`, `user_type`, `note`, `sticky_note`, `enable_web_notification`, `enable_email_notification`, `whatsapp`, `instagram`, `facebook`, `twitter`, `linked_in`, `skype`, `tiktok`, `created_at`, `updated_at`) VALUES (\'JayLamping\', \'John\', \'Lamping\', \'1963-03-07\', \'1050\', \'no desc yet\', \'01.png\', \'bg-profile-default.jpg\', \'8585551212\', \'\', \'\', \'President\', \'staff\', \'add a better note here\', \'add a better sticky note here\', \'1\', \'1\', \'@808biz\', \'@808biz\', \'@808biz\', \'@808biz\', \'@808biz\', \'@808biz\', \'@808biz\', \'2024-11-28 04:10:19\', \'2024-11-28 04:10:19\')')
 4 SYSTEMPATH\Database\BaseBuilder.php(2340): CodeIgniter\Database\BaseConnection->query('INSERT INTO `users` (`username`, `first_name`, `last_name`, `dob`, `client_id`, `description`, `avatar`, `image`, `mobile_number`, `message_checked_at`, `notification_checked_at`, `job_title`, `user_type`, `note`, `sticky_note`, `enable_web_notification`, `enable_email_notification`, `whatsapp`, `instagram`, `facebook`, `twitter`, `linked_in`, `skype`, `tiktok`, `created_at`, `updated_at`) VALUES (:username:, :first_name:, :last_name:, :dob:, :client_id:, :description:, :avatar:, :image:, :mobile_number:, :message_checked_at:, :notification_checked_at:, :job_title:, :user_type:, :note:, :sticky_note:, :enable_web_notification:, :enable_email_notification:, :whatsapp:, :instagram:, :facebook:, :twitter:, :linked_in:, :skype:, :tiktok:, :created_at:, :updated_at:)', [...], false)
 5 SYSTEMPATH\Model.php(394): CodeIgniter\Database\BaseBuilder->insert()
 6 SYSTEMPATH\BaseModel.php(840): CodeIgniter\Model->doInsert([...])
 7 SYSTEMPATH\Model.php(802): CodeIgniter\BaseModel->insert([...], false)
 8 VENDORPATH\codeigniter4\shield\src\Models\UserModel.php(270): CodeIgniter\Model->insert(Object(App\Entities\User), false)
 9 SYSTEMPATH\BaseModel.php(751): CodeIgniter\Shield\Models\UserModel->insert(Object(App\Entities\User), false)
10 VENDORPATH\codeigniter4\shield\src\Models\UserModel.php(332): CodeIgniter\BaseModel->save(Object(App\Entities\User))
11 APPPATH\Database\Seeds\UserSeeder.php(45): CodeIgniter\Shield\Models\UserModel->save(Object(App\Entities\User))
12 SYSTEMPATH\Database\Seeder.php(147): App\Database\Seeds\UserSeeder->run()
13 APPPATH\Database\Seeds\A1Seeder.php(11): CodeIgniter\Database\Seeder->call('App\\Database\\Seeds\\UserSeeder')
14 SYSTEMPATH\Database\Seeder.php(147): App\Database\Seeds\A1Seeder->run()
15 APPPATH\Database\Seeds\BaseSeeder.php(13): CodeIgniter\Database\Seeder->call('App\\Database\\Seeds\\A1Seeder')
16 SYSTEMPATH\Database\Seeder.php(147): App\Database\Seeds\BaseSeeder->run()
17 APPPATH\Commands\Install.php(81): CodeIgniter\Database\Seeder->call('App\\Database\\Seeds\\BaseSeeder')
18 APPPATH\Commands\Install.php(53): App\Commands\Install->runSeeder()
19 SYSTEMPATH\CLI\Commands.php(70): App\Commands\Install->run([])
20 SYSTEMPATH\CLI\Console.php(48): CodeIgniter\CLI\Commands->run('starter:install', [])
21 SYSTEMPATH\Boot.php(351): CodeIgniter\CLI\Console->run()
22 SYSTEMPATH\Boot.php(104): CodeIgniter\Boot::runCommand(Object(CodeIgniter\CLI\Console))
23 ROOTPATH\spark(84): CodeIgniter\Boot::bootSpark(Object(Config\Paths))
CRITICAL - 2024-11-28 04:14:15 --> TypeError: CodeIgniter\Entity\Entity::__set(): Argument #1 ($key) must be of type string, int given, called in X:\00.templates\ci4-starter\dist\vendor\codeigniter4\framework\system\Entity\Entity.php on line 165
[Method: CLI, Route: starter:install]
in SYSTEMPATH\Entity\Entity.php on line 425.
 1 SYSTEMPATH\Entity\Entity.php(165): CodeIgniter\Entity\Entity->__set(0, 'alternative_address')
 2 SYSTEMPATH\Entity\Entity.php(146): CodeIgniter\Entity\Entity->fill([...])
 3 APPPATH\Database\Seeds\UserSeeder.php(18): CodeIgniter\Entity\Entity->__construct([...])
 4 SYSTEMPATH\Database\Seeder.php(147): App\Database\Seeds\UserSeeder->run()
 5 APPPATH\Database\Seeds\A1Seeder.php(11): CodeIgniter\Database\Seeder->call('App\\Database\\Seeds\\UserSeeder')
 6 SYSTEMPATH\Database\Seeder.php(147): App\Database\Seeds\A1Seeder->run()
 7 APPPATH\Database\Seeds\BaseSeeder.php(13): CodeIgniter\Database\Seeder->call('App\\Database\\Seeds\\A1Seeder')
 8 SYSTEMPATH\Database\Seeder.php(147): App\Database\Seeds\BaseSeeder->run()
 9 APPPATH\Commands\Install.php(81): CodeIgniter\Database\Seeder->call('App\\Database\\Seeds\\BaseSeeder')
10 APPPATH\Commands\Install.php(53): App\Commands\Install->runSeeder()
11 SYSTEMPATH\CLI\Commands.php(70): App\Commands\Install->run([])
12 SYSTEMPATH\CLI\Console.php(48): CodeIgniter\CLI\Commands->run('starter:install', [])
13 SYSTEMPATH\Boot.php(351): CodeIgniter\CLI\Console->run()
14 SYSTEMPATH\Boot.php(104): CodeIgniter\Boot::runCommand(Object(CodeIgniter\CLI\Console))
15 ROOTPATH\spark(84): CodeIgniter\Boot::bootSpark(Object(Config\Paths))
ERROR - 2024-11-28 04:28:25 --> mysqli_sql_exception: Unknown column 'request_account_removal' in 'field list' in X:\00.templates\ci4-starter\dist\vendor\codeigniter4\framework\system\Database\MySQLi\Connection.php:312
Stack trace:
#0 X:\00.templates\ci4-starter\dist\vendor\codeigniter4\framework\system\Database\MySQLi\Connection.php(312): mysqli->query('INSERT INTO `us...', 0)
#1 X:\00.templates\ci4-starter\dist\vendor\codeigniter4\framework\system\Database\BaseConnection.php(734): CodeIgniter\Database\MySQLi\Connection->execute('INSERT INTO `us...')
#2 X:\00.templates\ci4-starter\dist\vendor\codeigniter4\framework\system\Database\BaseConnection.php(648): CodeIgniter\Database\BaseConnection->simpleQuery('INSERT INTO `us...')
#3 X:\00.templates\ci4-starter\dist\vendor\codeigniter4\framework\system\Database\BaseBuilder.php(2340): CodeIgniter\Database\BaseConnection->query('INSERT INTO `us...', Array, false)
#4 X:\00.templates\ci4-starter\dist\vendor\codeigniter4\framework\system\Model.php(394): CodeIgniter\Database\BaseBuilder->insert()
#5 X:\00.templates\ci4-starter\dist\vendor\codeigniter4\framework\system\BaseModel.php(840): CodeIgniter\Model->doInsert(Array)
#6 X:\00.templates\ci4-starter\dist\vendor\codeigniter4\framework\system\Model.php(802): CodeIgniter\BaseModel->insert(Array, false)
#7 X:\00.templates\ci4-starter\dist\vendor\codeigniter4\shield\src\Models\UserModel.php(270): CodeIgniter\Model->insert(Object(CodeIgniter\Shield\Entities\User), false)
#8 X:\00.templates\ci4-starter\dist\vendor\codeigniter4\framework\system\BaseModel.php(751): CodeIgniter\Shield\Models\UserModel->insert(Object(CodeIgniter\Shield\Entities\User), false)
#9 X:\00.templates\ci4-starter\dist\vendor\codeigniter4\shield\src\Models\UserModel.php(332): CodeIgniter\BaseModel->save(Object(CodeIgniter\Shield\Entities\User))
#10 X:\00.templates\ci4-starter\dist\app\Database\Seeds\UserSeeder.php(53): CodeIgniter\Shield\Models\UserModel->save(Object(CodeIgniter\Shield\Entities\User))
#11 X:\00.templates\ci4-starter\dist\vendor\codeigniter4\framework\system\Database\Seeder.php(147): App\Database\Seeds\UserSeeder->run()
#12 X:\00.templates\ci4-starter\dist\vendor\codeigniter4\framework\system\Commands\Database\Seed.php(79): CodeIgniter\Database\Seeder->call('App\\Database\\Se...')
#13 X:\00.templates\ci4-starter\dist\vendor\codeigniter4\framework\system\CLI\Commands.php(70): CodeIgniter\Commands\Database\Seed->run(Array)
#14 X:\00.templates\ci4-starter\dist\vendor\codeigniter4\framework\system\CLI\Console.php(48): CodeIgniter\CLI\Commands->run('db:seed', Array)
#15 X:\00.templates\ci4-starter\dist\vendor\codeigniter4\framework\system\Boot.php(351): CodeIgniter\CLI\Console->run()
#16 X:\00.templates\ci4-starter\dist\vendor\codeigniter4\framework\system\Boot.php(104): CodeIgniter\Boot::runCommand(Object(CodeIgniter\CLI\Console))
#17 X:\00.templates\ci4-starter\dist\spark(84): CodeIgniter\Boot::bootSpark(Object(Config\Paths))
#18 {main}
ERROR - 2024-11-28 16:24:40 --> mysqli_sql_exception: Column 'clients_id' cannot be null in X:\00.templates\ci4-starter\dist\vendor\codeigniter4\framework\system\Database\MySQLi\Connection.php:312
Stack trace:
#0 X:\00.templates\ci4-starter\dist\vendor\codeigniter4\framework\system\Database\MySQLi\Connection.php(312): mysqli->query('INSERT INTO `te...', 0)
#1 X:\00.templates\ci4-starter\dist\vendor\codeigniter4\framework\system\Database\BaseConnection.php(734): CodeIgniter\Database\MySQLi\Connection->execute('INSERT INTO `te...')
#2 X:\00.templates\ci4-starter\dist\vendor\codeigniter4\framework\system\Database\BaseConnection.php(648): CodeIgniter\Database\BaseConnection->simpleQuery('INSERT INTO `te...')
#3 X:\00.templates\ci4-starter\dist\vendor\codeigniter4\framework\system\Database\BaseBuilder.php(2340): CodeIgniter\Database\BaseConnection->query('INSERT INTO `te...', Array, false)
#4 X:\00.templates\ci4-starter\dist\vendor\codeigniter4\framework\system\Model.php(394): CodeIgniter\Database\BaseBuilder->insert()
#5 X:\00.templates\ci4-starter\dist\vendor\codeigniter4\framework\system\BaseModel.php(840): CodeIgniter\Model->doInsert(Array)
#6 X:\00.templates\ci4-starter\dist\vendor\codeigniter4\framework\system\Model.php(802): CodeIgniter\BaseModel->insert(Array, false)
#7 X:\00.templates\ci4-starter\dist\vendor\codeigniter4\framework\system\BaseModel.php(751): CodeIgniter\Model->insert(Array, false)
#8 X:\00.templates\ci4-starter\dist\app\Database\Seeds\TestimonialSeeder.php(38): CodeIgniter\BaseModel->save(Array)
#9 X:\00.templates\ci4-starter\dist\vendor\codeigniter4\framework\system\Database\Seeder.php(147): App\Database\Seeds\TestimonialSeeder->run()
#10 X:\00.templates\ci4-starter\dist\app\Database\Seeds\A2Seeder.php(32): CodeIgniter\Database\Seeder->call('App\\Database\\Se...')
#11 X:\00.templates\ci4-starter\dist\vendor\codeigniter4\framework\system\Database\Seeder.php(147): App\Database\Seeds\A2Seeder->run()
#12 X:\00.templates\ci4-starter\dist\app\Database\Seeds\BaseSeeder.php(14): CodeIgniter\Database\Seeder->call('App\\Database\\Se...')
#13 X:\00.templates\ci4-starter\dist\vendor\codeigniter4\framework\system\Database\Seeder.php(147): App\Database\Seeds\BaseSeeder->run()
#14 X:\00.templates\ci4-starter\dist\app\Commands\Install.php(81): CodeIgniter\Database\Seeder->call('App\\Database\\Se...')
#15 X:\00.templates\ci4-starter\dist\app\Commands\Install.php(53): App\Commands\Install->runSeeder()
#16 X:\00.templates\ci4-starter\dist\vendor\codeigniter4\framework\system\CLI\Commands.php(70): App\Commands\Install->run(Array)
#17 X:\00.templates\ci4-starter\dist\vendor\codeigniter4\framework\system\CLI\Console.php(48): CodeIgniter\CLI\Commands->run('starter:install', Array)
#18 X:\00.templates\ci4-starter\dist\vendor\codeigniter4\framework\system\Boot.php(351): CodeIgniter\CLI\Console->run()
#19 X:\00.templates\ci4-starter\dist\vendor\codeigniter4\framework\system\Boot.php(104): CodeIgniter\Boot::runCommand(Object(CodeIgniter\CLI\Console))
#20 X:\00.templates\ci4-starter\dist\spark(84): CodeIgniter\Boot::bootSpark(Object(Config\Paths))
#21 {main}
CRITICAL - 2024-11-28 16:24:40 --> CodeIgniter\Database\Exceptions\DatabaseException: Column 'clients_id' cannot be null
[Method: CLI, Route: starter:install]
in SYSTEMPATH\Database\BaseConnection.php on line 688.
 1 SYSTEMPATH\Database\BaseBuilder.php(2340): CodeIgniter\Database\BaseConnection->query('INSERT INTO `testimonials` (`picture`, `info`, `users_id`, `clients_id`, `created_at`, `updated_at`) VALUES (:picture:, :info:, :users_id:, :clients_id:, :created_at:, :updated_at:)', [...], false)
 2 SYSTEMPATH\Model.php(394): CodeIgniter\Database\BaseBuilder->insert()
 3 SYSTEMPATH\BaseModel.php(840): CodeIgniter\Model->doInsert([...])
 4 SYSTEMPATH\Model.php(802): CodeIgniter\BaseModel->insert([...], false)
 5 SYSTEMPATH\BaseModel.php(751): CodeIgniter\Model->insert([...], false)
 6 APPPATH\Database\Seeds\TestimonialSeeder.php(38): CodeIgniter\BaseModel->save([...])
 7 SYSTEMPATH\Database\Seeder.php(147): App\Database\Seeds\TestimonialSeeder->run()
 8 APPPATH\Database\Seeds\A2Seeder.php(32): CodeIgniter\Database\Seeder->call('App\\Database\\Seeds\\TestimonialSeeder')
 9 SYSTEMPATH\Database\Seeder.php(147): App\Database\Seeds\A2Seeder->run()
10 APPPATH\Database\Seeds\BaseSeeder.php(14): CodeIgniter\Database\Seeder->call('App\\Database\\Seeds\\A2Seeder')
11 SYSTEMPATH\Database\Seeder.php(147): App\Database\Seeds\BaseSeeder->run()
12 APPPATH\Commands\Install.php(81): CodeIgniter\Database\Seeder->call('App\\Database\\Seeds\\BaseSeeder')
13 APPPATH\Commands\Install.php(53): App\Commands\Install->runSeeder()
14 SYSTEMPATH\CLI\Commands.php(70): App\Commands\Install->run([])
15 SYSTEMPATH\CLI\Console.php(48): CodeIgniter\CLI\Commands->run('starter:install', [])
16 SYSTEMPATH\Boot.php(351): CodeIgniter\CLI\Console->run()
17 SYSTEMPATH\Boot.php(104): CodeIgniter\Boot::runCommand(Object(CodeIgniter\CLI\Console))
18 ROOTPATH\spark(84): CodeIgniter\Boot::bootSpark(Object(Config\Paths))
CRITICAL - 2024-11-28 16:24:40 --> [Caused by] CodeIgniter\Database\Exceptions\DatabaseException: Column 'clients_id' cannot be null
in SYSTEMPATH\Database\MySQLi\Connection.php on line 317.
 1 SYSTEMPATH\Database\BaseConnection.php(734): CodeIgniter\Database\MySQLi\Connection->execute('INSERT INTO `testimonials` (`picture`, `info`, `users_id`, `clients_id`, `created_at`, `updated_at`) VALUES (\'0.jpg\', \'interesting place\', (\'5\'), NULL, \'2024-11-28 16:24:40\', \'2024-11-28 16:24:40\')')
 2 SYSTEMPATH\Database\BaseConnection.php(648): CodeIgniter\Database\BaseConnection->simpleQuery('INSERT INTO `testimonials` (`picture`, `info`, `users_id`, `clients_id`, `created_at`, `updated_at`) VALUES (\'0.jpg\', \'interesting place\', (\'5\'), NULL, \'2024-11-28 16:24:40\', \'2024-11-28 16:24:40\')')
 3 SYSTEMPATH\Database\BaseBuilder.php(2340): CodeIgniter\Database\BaseConnection->query('INSERT INTO `testimonials` (`picture`, `info`, `users_id`, `clients_id`, `created_at`, `updated_at`) VALUES (:picture:, :info:, :users_id:, :clients_id:, :created_at:, :updated_at:)', [...], false)
 4 SYSTEMPATH\Model.php(394): CodeIgniter\Database\BaseBuilder->insert()
 5 SYSTEMPATH\BaseModel.php(840): CodeIgniter\Model->doInsert([...])
 6 SYSTEMPATH\Model.php(802): CodeIgniter\BaseModel->insert([...], false)
 7 SYSTEMPATH\BaseModel.php(751): CodeIgniter\Model->insert([...], false)
 8 APPPATH\Database\Seeds\TestimonialSeeder.php(38): CodeIgniter\BaseModel->save([...])
 9 SYSTEMPATH\Database\Seeder.php(147): App\Database\Seeds\TestimonialSeeder->run()
10 APPPATH\Database\Seeds\A2Seeder.php(32): CodeIgniter\Database\Seeder->call('App\\Database\\Seeds\\TestimonialSeeder')
11 SYSTEMPATH\Database\Seeder.php(147): App\Database\Seeds\A2Seeder->run()
12 APPPATH\Database\Seeds\BaseSeeder.php(14): CodeIgniter\Database\Seeder->call('App\\Database\\Seeds\\A2Seeder')
13 SYSTEMPATH\Database\Seeder.php(147): App\Database\Seeds\BaseSeeder->run()
14 APPPATH\Commands\Install.php(81): CodeIgniter\Database\Seeder->call('App\\Database\\Seeds\\BaseSeeder')
15 APPPATH\Commands\Install.php(53): App\Commands\Install->runSeeder()
16 SYSTEMPATH\CLI\Commands.php(70): App\Commands\Install->run([])
17 SYSTEMPATH\CLI\Console.php(48): CodeIgniter\CLI\Commands->run('starter:install', [])
18 SYSTEMPATH\Boot.php(351): CodeIgniter\CLI\Console->run()
19 SYSTEMPATH\Boot.php(104): CodeIgniter\Boot::runCommand(Object(CodeIgniter\CLI\Console))
20 ROOTPATH\spark(84): CodeIgniter\Boot::bootSpark(Object(Config\Paths))
CRITICAL - 2024-11-28 16:24:40 --> [Caused by] mysqli_sql_exception: Column 'clients_id' cannot be null
in SYSTEMPATH\Database\MySQLi\Connection.php on line 312.
 1 SYSTEMPATH\Database\MySQLi\Connection.php(312): mysqli->query('INSERT INTO `testimonials` (`picture`, `info`, `users_id`, `clients_id`, `created_at`, `updated_at`) VALUES (\'0.jpg\', \'interesting place\', (\'5\'), NULL, \'2024-11-28 16:24:40\', \'2024-11-28 16:24:40\')', 0)
 2 SYSTEMPATH\Database\BaseConnection.php(734): CodeIgniter\Database\MySQLi\Connection->execute('INSERT INTO `testimonials` (`picture`, `info`, `users_id`, `clients_id`, `created_at`, `updated_at`) VALUES (\'0.jpg\', \'interesting place\', (\'5\'), NULL, \'2024-11-28 16:24:40\', \'2024-11-28 16:24:40\')')
 3 SYSTEMPATH\Database\BaseConnection.php(648): CodeIgniter\Database\BaseConnection->simpleQuery('INSERT INTO `testimonials` (`picture`, `info`, `users_id`, `clients_id`, `created_at`, `updated_at`) VALUES (\'0.jpg\', \'interesting place\', (\'5\'), NULL, \'2024-11-28 16:24:40\', \'2024-11-28 16:24:40\')')
 4 SYSTEMPATH\Database\BaseBuilder.php(2340): CodeIgniter\Database\BaseConnection->query('INSERT INTO `testimonials` (`picture`, `info`, `users_id`, `clients_id`, `created_at`, `updated_at`) VALUES (:picture:, :info:, :users_id:, :clients_id:, :created_at:, :updated_at:)', [...], false)
 5 SYSTEMPATH\Model.php(394): CodeIgniter\Database\BaseBuilder->insert()
 6 SYSTEMPATH\BaseModel.php(840): CodeIgniter\Model->doInsert([...])
 7 SYSTEMPATH\Model.php(802): CodeIgniter\BaseModel->insert([...], false)
 8 SYSTEMPATH\BaseModel.php(751): CodeIgniter\Model->insert([...], false)
 9 APPPATH\Database\Seeds\TestimonialSeeder.php(38): CodeIgniter\BaseModel->save([...])
10 SYSTEMPATH\Database\Seeder.php(147): App\Database\Seeds\TestimonialSeeder->run()
11 APPPATH\Database\Seeds\A2Seeder.php(32): CodeIgniter\Database\Seeder->call('App\\Database\\Seeds\\TestimonialSeeder')
12 SYSTEMPATH\Database\Seeder.php(147): App\Database\Seeds\A2Seeder->run()
13 APPPATH\Database\Seeds\BaseSeeder.php(14): CodeIgniter\Database\Seeder->call('App\\Database\\Seeds\\A2Seeder')
14 SYSTEMPATH\Database\Seeder.php(147): App\Database\Seeds\BaseSeeder->run()
15 APPPATH\Commands\Install.php(81): CodeIgniter\Database\Seeder->call('App\\Database\\Seeds\\BaseSeeder')
16 APPPATH\Commands\Install.php(53): App\Commands\Install->runSeeder()
17 SYSTEMPATH\CLI\Commands.php(70): App\Commands\Install->run([])
18 SYSTEMPATH\CLI\Console.php(48): CodeIgniter\CLI\Commands->run('starter:install', [])
19 SYSTEMPATH\Boot.php(351): CodeIgniter\CLI\Console->run()
20 SYSTEMPATH\Boot.php(104): CodeIgniter\Boot::runCommand(Object(CodeIgniter\CLI\Console))
21 ROOTPATH\spark(84): CodeIgniter\Boot::bootSpark(Object(Config\Paths))
ERROR - 2024-11-28 17:07:23 --> mysqli_sql_exception: Column 'clients_id' cannot be null in X:\00.templates\ci4-starter\dist\vendor\codeigniter4\framework\system\Database\MySQLi\Connection.php:312
Stack trace:
#0 X:\00.templates\ci4-starter\dist\vendor\codeigniter4\framework\system\Database\MySQLi\Connection.php(312): mysqli->query('INSERT INTO `te...', 0)
#1 X:\00.templates\ci4-starter\dist\vendor\codeigniter4\framework\system\Database\BaseConnection.php(734): CodeIgniter\Database\MySQLi\Connection->execute('INSERT INTO `te...')
#2 X:\00.templates\ci4-starter\dist\vendor\codeigniter4\framework\system\Database\BaseConnection.php(648): CodeIgniter\Database\BaseConnection->simpleQuery('INSERT INTO `te...')
#3 X:\00.templates\ci4-starter\dist\vendor\codeigniter4\framework\system\Database\BaseBuilder.php(2340): CodeIgniter\Database\BaseConnection->query('INSERT INTO `te...', Array, false)
#4 X:\00.templates\ci4-starter\dist\vendor\codeigniter4\framework\system\Model.php(394): CodeIgniter\Database\BaseBuilder->insert()
#5 X:\00.templates\ci4-starter\dist\vendor\codeigniter4\framework\system\BaseModel.php(840): CodeIgniter\Model->doInsert(Array)
#6 X:\00.templates\ci4-starter\dist\vendor\codeigniter4\framework\system\Model.php(802): CodeIgniter\BaseModel->insert(Array, false)
#7 X:\00.templates\ci4-starter\dist\vendor\codeigniter4\framework\system\BaseModel.php(751): CodeIgniter\Model->insert(Array, false)
#8 X:\00.templates\ci4-starter\dist\app\Database\Seeds\TestimonialSeeder.php(38): CodeIgniter\BaseModel->save(Array)
#9 X:\00.templates\ci4-starter\dist\vendor\codeigniter4\framework\system\Database\Seeder.php(147): App\Database\Seeds\TestimonialSeeder->run()
#10 X:\00.templates\ci4-starter\dist\app\Database\Seeds\A2Seeder.php(32): CodeIgniter\Database\Seeder->call('App\\Database\\Se...')
#11 X:\00.templates\ci4-starter\dist\vendor\codeigniter4\framework\system\Database\Seeder.php(147): App\Database\Seeds\A2Seeder->run()
#12 X:\00.templates\ci4-starter\dist\app\Database\Seeds\BaseSeeder.php(14): CodeIgniter\Database\Seeder->call('App\\Database\\Se...')
#13 X:\00.templates\ci4-starter\dist\vendor\codeigniter4\framework\system\Database\Seeder.php(147): App\Database\Seeds\BaseSeeder->run()
#14 X:\00.templates\ci4-starter\dist\app\Commands\Install.php(81): CodeIgniter\Database\Seeder->call('App\\Database\\Se...')
#15 X:\00.templates\ci4-starter\dist\app\Commands\Install.php(53): App\Commands\Install->runSeeder()
#16 X:\00.templates\ci4-starter\dist\vendor\codeigniter4\framework\system\CLI\Commands.php(70): App\Commands\Install->run(Array)
#17 X:\00.templates\ci4-starter\dist\vendor\codeigniter4\framework\system\CLI\Console.php(48): CodeIgniter\CLI\Commands->run('starter:install', Array)
#18 X:\00.templates\ci4-starter\dist\vendor\codeigniter4\framework\system\Boot.php(351): CodeIgniter\CLI\Console->run()
#19 X:\00.templates\ci4-starter\dist\vendor\codeigniter4\framework\system\Boot.php(104): CodeIgniter\Boot::runCommand(Object(CodeIgniter\CLI\Console))
#20 X:\00.templates\ci4-starter\dist\spark(84): CodeIgniter\Boot::bootSpark(Object(Config\Paths))
#21 {main}
CRITICAL - 2024-11-28 17:07:23 --> CodeIgniter\Database\Exceptions\DatabaseException: Column 'clients_id' cannot be null
[Method: CLI, Route: starter:install]
in SYSTEMPATH\Database\BaseConnection.php on line 688.
 1 SYSTEMPATH\Database\BaseBuilder.php(2340): CodeIgniter\Database\BaseConnection->query('INSERT INTO `testimonials` (`picture`, `info`, `users_id`, `clients_id`, `created_at`, `updated_at`) VALUES (:picture:, :info:, :users_id:, :clients_id:, :created_at:, :updated_at:)', [...], false)
 2 SYSTEMPATH\Model.php(394): CodeIgniter\Database\BaseBuilder->insert()
 3 SYSTEMPATH\BaseModel.php(840): CodeIgniter\Model->doInsert([...])
 4 SYSTEMPATH\Model.php(802): CodeIgniter\BaseModel->insert([...], false)
 5 SYSTEMPATH\BaseModel.php(751): CodeIgniter\Model->insert([...], false)
 6 APPPATH\Database\Seeds\TestimonialSeeder.php(38): CodeIgniter\BaseModel->save([...])
 7 SYSTEMPATH\Database\Seeder.php(147): App\Database\Seeds\TestimonialSeeder->run()
 8 APPPATH\Database\Seeds\A2Seeder.php(32): CodeIgniter\Database\Seeder->call('App\\Database\\Seeds\\TestimonialSeeder')
 9 SYSTEMPATH\Database\Seeder.php(147): App\Database\Seeds\A2Seeder->run()
10 APPPATH\Database\Seeds\BaseSeeder.php(14): CodeIgniter\Database\Seeder->call('App\\Database\\Seeds\\A2Seeder')
11 SYSTEMPATH\Database\Seeder.php(147): App\Database\Seeds\BaseSeeder->run()
12 APPPATH\Commands\Install.php(81): CodeIgniter\Database\Seeder->call('App\\Database\\Seeds\\BaseSeeder')
13 APPPATH\Commands\Install.php(53): App\Commands\Install->runSeeder()
14 SYSTEMPATH\CLI\Commands.php(70): App\Commands\Install->run([])
15 SYSTEMPATH\CLI\Console.php(48): CodeIgniter\CLI\Commands->run('starter:install', [])
16 SYSTEMPATH\Boot.php(351): CodeIgniter\CLI\Console->run()
17 SYSTEMPATH\Boot.php(104): CodeIgniter\Boot::runCommand(Object(CodeIgniter\CLI\Console))
18 ROOTPATH\spark(84): CodeIgniter\Boot::bootSpark(Object(Config\Paths))
CRITICAL - 2024-11-28 17:07:23 --> [Caused by] CodeIgniter\Database\Exceptions\DatabaseException: Column 'clients_id' cannot be null
in SYSTEMPATH\Database\MySQLi\Connection.php on line 317.
 1 SYSTEMPATH\Database\BaseConnection.php(734): CodeIgniter\Database\MySQLi\Connection->execute('INSERT INTO `testimonials` (`picture`, `info`, `users_id`, `clients_id`, `created_at`, `updated_at`) VALUES (\'0.jpg\', \'interesting place\', (\'3\'), NULL, \'2024-11-28 17:07:23\', \'2024-11-28 17:07:23\')')
 2 SYSTEMPATH\Database\BaseConnection.php(648): CodeIgniter\Database\BaseConnection->simpleQuery('INSERT INTO `testimonials` (`picture`, `info`, `users_id`, `clients_id`, `created_at`, `updated_at`) VALUES (\'0.jpg\', \'interesting place\', (\'3\'), NULL, \'2024-11-28 17:07:23\', \'2024-11-28 17:07:23\')')
 3 SYSTEMPATH\Database\BaseBuilder.php(2340): CodeIgniter\Database\BaseConnection->query('INSERT INTO `testimonials` (`picture`, `info`, `users_id`, `clients_id`, `created_at`, `updated_at`) VALUES (:picture:, :info:, :users_id:, :clients_id:, :created_at:, :updated_at:)', [...], false)
 4 SYSTEMPATH\Model.php(394): CodeIgniter\Database\BaseBuilder->insert()
 5 SYSTEMPATH\BaseModel.php(840): CodeIgniter\Model->doInsert([...])
 6 SYSTEMPATH\Model.php(802): CodeIgniter\BaseModel->insert([...], false)
 7 SYSTEMPATH\BaseModel.php(751): CodeIgniter\Model->insert([...], false)
 8 APPPATH\Database\Seeds\TestimonialSeeder.php(38): CodeIgniter\BaseModel->save([...])
 9 SYSTEMPATH\Database\Seeder.php(147): App\Database\Seeds\TestimonialSeeder->run()
10 APPPATH\Database\Seeds\A2Seeder.php(32): CodeIgniter\Database\Seeder->call('App\\Database\\Seeds\\TestimonialSeeder')
11 SYSTEMPATH\Database\Seeder.php(147): App\Database\Seeds\A2Seeder->run()
12 APPPATH\Database\Seeds\BaseSeeder.php(14): CodeIgniter\Database\Seeder->call('App\\Database\\Seeds\\A2Seeder')
13 SYSTEMPATH\Database\Seeder.php(147): App\Database\Seeds\BaseSeeder->run()
14 APPPATH\Commands\Install.php(81): CodeIgniter\Database\Seeder->call('App\\Database\\Seeds\\BaseSeeder')
15 APPPATH\Commands\Install.php(53): App\Commands\Install->runSeeder()
16 SYSTEMPATH\CLI\Commands.php(70): App\Commands\Install->run([])
17 SYSTEMPATH\CLI\Console.php(48): CodeIgniter\CLI\Commands->run('starter:install', [])
18 SYSTEMPATH\Boot.php(351): CodeIgniter\CLI\Console->run()
19 SYSTEMPATH\Boot.php(104): CodeIgniter\Boot::runCommand(Object(CodeIgniter\CLI\Console))
20 ROOTPATH\spark(84): CodeIgniter\Boot::bootSpark(Object(Config\Paths))
CRITICAL - 2024-11-28 17:07:23 --> [Caused by] mysqli_sql_exception: Column 'clients_id' cannot be null
in SYSTEMPATH\Database\MySQLi\Connection.php on line 312.
 1 SYSTEMPATH\Database\MySQLi\Connection.php(312): mysqli->query('INSERT INTO `testimonials` (`picture`, `info`, `users_id`, `clients_id`, `created_at`, `updated_at`) VALUES (\'0.jpg\', \'interesting place\', (\'3\'), NULL, \'2024-11-28 17:07:23\', \'2024-11-28 17:07:23\')', 0)
 2 SYSTEMPATH\Database\BaseConnection.php(734): CodeIgniter\Database\MySQLi\Connection->execute('INSERT INTO `testimonials` (`picture`, `info`, `users_id`, `clients_id`, `created_at`, `updated_at`) VALUES (\'0.jpg\', \'interesting place\', (\'3\'), NULL, \'2024-11-28 17:07:23\', \'2024-11-28 17:07:23\')')
 3 SYSTEMPATH\Database\BaseConnection.php(648): CodeIgniter\Database\BaseConnection->simpleQuery('INSERT INTO `testimonials` (`picture`, `info`, `users_id`, `clients_id`, `created_at`, `updated_at`) VALUES (\'0.jpg\', \'interesting place\', (\'3\'), NULL, \'2024-11-28 17:07:23\', \'2024-11-28 17:07:23\')')
 4 SYSTEMPATH\Database\BaseBuilder.php(2340): CodeIgniter\Database\BaseConnection->query('INSERT INTO `testimonials` (`picture`, `info`, `users_id`, `clients_id`, `created_at`, `updated_at`) VALUES (:picture:, :info:, :users_id:, :clients_id:, :created_at:, :updated_at:)', [...], false)
 5 SYSTEMPATH\Model.php(394): CodeIgniter\Database\BaseBuilder->insert()
 6 SYSTEMPATH\BaseModel.php(840): CodeIgniter\Model->doInsert([...])
 7 SYSTEMPATH\Model.php(802): CodeIgniter\BaseModel->insert([...], false)
 8 SYSTEMPATH\BaseModel.php(751): CodeIgniter\Model->insert([...], false)
 9 APPPATH\Database\Seeds\TestimonialSeeder.php(38): CodeIgniter\BaseModel->save([...])
10 SYSTEMPATH\Database\Seeder.php(147): App\Database\Seeds\TestimonialSeeder->run()
11 APPPATH\Database\Seeds\A2Seeder.php(32): CodeIgniter\Database\Seeder->call('App\\Database\\Seeds\\TestimonialSeeder')
12 SYSTEMPATH\Database\Seeder.php(147): App\Database\Seeds\A2Seeder->run()
13 APPPATH\Database\Seeds\BaseSeeder.php(14): CodeIgniter\Database\Seeder->call('App\\Database\\Seeds\\A2Seeder')
14 SYSTEMPATH\Database\Seeder.php(147): App\Database\Seeds\BaseSeeder->run()
15 APPPATH\Commands\Install.php(81): CodeIgniter\Database\Seeder->call('App\\Database\\Seeds\\BaseSeeder')
16 APPPATH\Commands\Install.php(53): App\Commands\Install->runSeeder()
17 SYSTEMPATH\CLI\Commands.php(70): App\Commands\Install->run([])
18 SYSTEMPATH\CLI\Console.php(48): CodeIgniter\CLI\Commands->run('starter:install', [])
19 SYSTEMPATH\Boot.php(351): CodeIgniter\CLI\Console->run()
20 SYSTEMPATH\Boot.php(104): CodeIgniter\Boot::runCommand(Object(CodeIgniter\CLI\Console))
21 ROOTPATH\spark(84): CodeIgniter\Boot::bootSpark(Object(Config\Paths))
ERROR - 2024-11-28 17:28:05 --> mysqli_sql_exception: Cannot add or update a child row: a foreign key constraint fails (`808_starter`.`clients`, CONSTRAINT `clients_main_contact_foreign` FOREIGN KEY (`main_contact`) REFERENCES `users` (`id`) ON DELETE CASCADE ON UPDATE CASCADE) in X:\00.templates\ci4-starter\dist\vendor\codeigniter4\framework\system\Database\MySQLi\Connection.php:312
Stack trace:
#0 X:\00.templates\ci4-starter\dist\vendor\codeigniter4\framework\system\Database\MySQLi\Connection.php(312): mysqli->query('INSERT INTO `cl...', 0)
#1 X:\00.templates\ci4-starter\dist\vendor\codeigniter4\framework\system\Database\BaseConnection.php(734): CodeIgniter\Database\MySQLi\Connection->execute('INSERT INTO `cl...')
#2 X:\00.templates\ci4-starter\dist\vendor\codeigniter4\framework\system\Database\BaseConnection.php(648): CodeIgniter\Database\BaseConnection->simpleQuery('INSERT INTO `cl...')
#3 X:\00.templates\ci4-starter\dist\vendor\codeigniter4\framework\system\Database\BaseBuilder.php(2340): CodeIgniter\Database\BaseConnection->query('INSERT INTO `cl...', Array, false)
#4 X:\00.templates\ci4-starter\dist\vendor\codeigniter4\framework\system\Model.php(394): CodeIgniter\Database\BaseBuilder->insert()
#5 X:\00.templates\ci4-starter\dist\vendor\codeigniter4\framework\system\BaseModel.php(840): CodeIgniter\Model->doInsert(Array)
#6 X:\00.templates\ci4-starter\dist\vendor\codeigniter4\framework\system\Model.php(802): CodeIgniter\BaseModel->insert(Array, false)
#7 X:\00.templates\ci4-starter\dist\vendor\codeigniter4\framework\system\BaseModel.php(751): CodeIgniter\Model->insert(Array, false)
#8 X:\00.templates\ci4-starter\dist\app\Database\Seeds\ClientsSeeder.php(452): CodeIgniter\BaseModel->save(Array)
#9 X:\00.templates\ci4-starter\dist\vendor\codeigniter4\framework\system\Database\Seeder.php(147): App\Database\Seeds\ClientsSeeder->run()
#10 X:\00.templates\ci4-starter\dist\app\Database\Seeds\A2Seeder.php(28): CodeIgniter\Database\Seeder->call('App\\Database\\Se...')
#11 X:\00.templates\ci4-starter\dist\vendor\codeigniter4\framework\system\Database\Seeder.php(147): App\Database\Seeds\A2Seeder->run()
#12 X:\00.templates\ci4-starter\dist\app\Database\Seeds\BaseSeeder.php(14): CodeIgniter\Database\Seeder->call('App\\Database\\Se...')
#13 X:\00.templates\ci4-starter\dist\vendor\codeigniter4\framework\system\Database\Seeder.php(147): App\Database\Seeds\BaseSeeder->run()
#14 X:\00.templates\ci4-starter\dist\app\Commands\Install.php(81): CodeIgniter\Database\Seeder->call('App\\Database\\Se...')
#15 X:\00.templates\ci4-starter\dist\app\Commands\Install.php(53): App\Commands\Install->runSeeder()
#16 X:\00.templates\ci4-starter\dist\vendor\codeigniter4\framework\system\CLI\Commands.php(70): App\Commands\Install->run(Array)
#17 X:\00.templates\ci4-starter\dist\vendor\codeigniter4\framework\system\CLI\Console.php(48): CodeIgniter\CLI\Commands->run('starter:install', Array)
#18 X:\00.templates\ci4-starter\dist\vendor\codeigniter4\framework\system\Boot.php(351): CodeIgniter\CLI\Console->run()
#19 X:\00.templates\ci4-starter\dist\vendor\codeigniter4\framework\system\Boot.php(104): CodeIgniter\Boot::runCommand(Object(CodeIgniter\CLI\Console))
#20 X:\00.templates\ci4-starter\dist\spark(84): CodeIgniter\Boot::bootSpark(Object(Config\Paths))
#21 {main}
CRITICAL - 2024-11-28 17:28:05 --> CodeIgniter\Database\Exceptions\DatabaseException: Cannot add or update a child row: a foreign key constraint fails (`808_starter`.`clients`, CONSTRAINT `clients_main_contact_foreign` FOREIGN KEY (`main_contact`) REFERENCES `users` (`id`) ON DELETE CASCADE ON UPDATE CASCADE)
[Method: CLI, Route: starter:install]
in SYSTEMPATH\Database\BaseConnection.php on line 688.
 1 SYSTEMPATH\Database\BaseBuilder.php(2340): CodeIgniter\Database\BaseConnection->query('INSERT INTO `clients` (`id`, `client_name`, `type`, `address`, `city`, `state`, `zip`, `website`, `website_image`, `client_logo`, `main_contact`, `billing_contact`, `main_email`, `main_phone`, `group_ids`, `owner_id`, `created_by`, `client_status`, `client_migration_date`, `tax_id_number`, `disable_online_payment`, `notes`, `created_at`, `updated_at`) VALUES (:id.7:, :client_name:, :type:, :address:, :city:, :state:, :zip:, :website:, :website_image:, :client_logo:, :main_contact:, :billing_contact:, :main_email:, :main_phone:, :group_ids:, :owner_id:, :created_by:, :client_status:, :client_migration_date:, :tax_id_number:, :disable_online_payment:, :notes:, :created_at:, :updated_at:)', [...], false)
 2 SYSTEMPATH\Model.php(394): CodeIgniter\Database\BaseBuilder->insert()
 3 SYSTEMPATH\BaseModel.php(840): CodeIgniter\Model->doInsert([...])
 4 SYSTEMPATH\Model.php(802): CodeIgniter\BaseModel->insert([...], false)
 5 SYSTEMPATH\BaseModel.php(751): CodeIgniter\Model->insert([...], false)
 6 APPPATH\Database\Seeds\ClientsSeeder.php(452): CodeIgniter\BaseModel->save([...])
 7 SYSTEMPATH\Database\Seeder.php(147): App\Database\Seeds\ClientsSeeder->run()
 8 APPPATH\Database\Seeds\A2Seeder.php(28): CodeIgniter\Database\Seeder->call('App\\Database\\Seeds\\ClientsSeeder')
 9 SYSTEMPATH\Database\Seeder.php(147): App\Database\Seeds\A2Seeder->run()
10 APPPATH\Database\Seeds\BaseSeeder.php(14): CodeIgniter\Database\Seeder->call('App\\Database\\Seeds\\A2Seeder')
11 SYSTEMPATH\Database\Seeder.php(147): App\Database\Seeds\BaseSeeder->run()
12 APPPATH\Commands\Install.php(81): CodeIgniter\Database\Seeder->call('App\\Database\\Seeds\\BaseSeeder')
13 APPPATH\Commands\Install.php(53): App\Commands\Install->runSeeder()
14 SYSTEMPATH\CLI\Commands.php(70): App\Commands\Install->run([])
15 SYSTEMPATH\CLI\Console.php(48): CodeIgniter\CLI\Commands->run('starter:install', [])
16 SYSTEMPATH\Boot.php(351): CodeIgniter\CLI\Console->run()
17 SYSTEMPATH\Boot.php(104): CodeIgniter\Boot::runCommand(Object(CodeIgniter\CLI\Console))
18 ROOTPATH\spark(84): CodeIgniter\Boot::bootSpark(Object(Config\Paths))
CRITICAL - 2024-11-28 17:28:05 --> [Caused by] CodeIgniter\Database\Exceptions\DatabaseException: Cannot add or update a child row: a foreign key constraint fails (`808_starter`.`clients`, CONSTRAINT `clients_main_contact_foreign` FOREIGN KEY (`main_contact`) REFERENCES `users` (`id`) ON DELETE CASCADE ON UPDATE CASCADE)
in SYSTEMPATH\Database\MySQLi\Connection.php on line 317.
 1 SYSTEMPATH\Database\BaseConnection.php(734): CodeIgniter\Database\MySQLi\Connection->execute('INSERT INTO `clients` (`id`, `client_name`, `type`, `address`, `city`, `state`, `zip`, `website`, `website_image`, `client_logo`, `main_contact`, `billing_contact`, `main_email`, `main_phone`, `group_ids`, `owner_id`, `created_by`, `client_status`, `client_migration_date`, `tax_id_number`, `disable_online_payment`, `notes`, `created_at`, `updated_at`) VALUES (1056, \'HI One Sushi\', \'organization\', \'909 Kapiolani Blvd Suite B\', \'Honolulu\', \'HI\', \'96814\', \'hionesushi.808.biz\', \'noimage2.webp\', \'sushiLogo.jpg\', 7, 7, \'cha@aol.com\', \'5555551212\', 2, 1, 1, 1, \'2023-9-18\', NULL, 0, \'Hawaii\\\'s Best Sushi in Honolulu\', \'2024-11-28 17:28:05\', \'2024-11-28 17:28:05\')')
 2 SYSTEMPATH\Database\BaseConnection.php(648): CodeIgniter\Database\BaseConnection->simpleQuery('INSERT INTO `clients` (`id`, `client_name`, `type`, `address`, `city`, `state`, `zip`, `website`, `website_image`, `client_logo`, `main_contact`, `billing_contact`, `main_email`, `main_phone`, `group_ids`, `owner_id`, `created_by`, `client_status`, `client_migration_date`, `tax_id_number`, `disable_online_payment`, `notes`, `created_at`, `updated_at`) VALUES (1056, \'HI One Sushi\', \'organization\', \'909 Kapiolani Blvd Suite B\', \'Honolulu\', \'HI\', \'96814\', \'hionesushi.808.biz\', \'noimage2.webp\', \'sushiLogo.jpg\', 7, 7, \'cha@aol.com\', \'5555551212\', 2, 1, 1, 1, \'2023-9-18\', NULL, 0, \'Hawaii\\\'s Best Sushi in Honolulu\', \'2024-11-28 17:28:05\', \'2024-11-28 17:28:05\')')
 3 SYSTEMPATH\Database\BaseBuilder.php(2340): CodeIgniter\Database\BaseConnection->query('INSERT INTO `clients` (`id`, `client_name`, `type`, `address`, `city`, `state`, `zip`, `website`, `website_image`, `client_logo`, `main_contact`, `billing_contact`, `main_email`, `main_phone`, `group_ids`, `owner_id`, `created_by`, `client_status`, `client_migration_date`, `tax_id_number`, `disable_online_payment`, `notes`, `created_at`, `updated_at`) VALUES (:id.7:, :client_name:, :type:, :address:, :city:, :state:, :zip:, :website:, :website_image:, :client_logo:, :main_contact:, :billing_contact:, :main_email:, :main_phone:, :group_ids:, :owner_id:, :created_by:, :client_status:, :client_migration_date:, :tax_id_number:, :disable_online_payment:, :notes:, :created_at:, :updated_at:)', [...], false)
 4 SYSTEMPATH\Model.php(394): CodeIgniter\Database\BaseBuilder->insert()
 5 SYSTEMPATH\BaseModel.php(840): CodeIgniter\Model->doInsert([...])
 6 SYSTEMPATH\Model.php(802): CodeIgniter\BaseModel->insert([...], false)
 7 SYSTEMPATH\BaseModel.php(751): CodeIgniter\Model->insert([...], false)
 8 APPPATH\Database\Seeds\ClientsSeeder.php(452): CodeIgniter\BaseModel->save([...])
 9 SYSTEMPATH\Database\Seeder.php(147): App\Database\Seeds\ClientsSeeder->run()
10 APPPATH\Database\Seeds\A2Seeder.php(28): CodeIgniter\Database\Seeder->call('App\\Database\\Seeds\\ClientsSeeder')
11 SYSTEMPATH\Database\Seeder.php(147): App\Database\Seeds\A2Seeder->run()
12 APPPATH\Database\Seeds\BaseSeeder.php(14): CodeIgniter\Database\Seeder->call('App\\Database\\Seeds\\A2Seeder')
13 SYSTEMPATH\Database\Seeder.php(147): App\Database\Seeds\BaseSeeder->run()
14 APPPATH\Commands\Install.php(81): CodeIgniter\Database\Seeder->call('App\\Database\\Seeds\\BaseSeeder')
15 APPPATH\Commands\Install.php(53): App\Commands\Install->runSeeder()
16 SYSTEMPATH\CLI\Commands.php(70): App\Commands\Install->run([])
17 SYSTEMPATH\CLI\Console.php(48): CodeIgniter\CLI\Commands->run('starter:install', [])
18 SYSTEMPATH\Boot.php(351): CodeIgniter\CLI\Console->run()
19 SYSTEMPATH\Boot.php(104): CodeIgniter\Boot::runCommand(Object(CodeIgniter\CLI\Console))
20 ROOTPATH\spark(84): CodeIgniter\Boot::bootSpark(Object(Config\Paths))
CRITICAL - 2024-11-28 17:28:05 --> [Caused by] mysqli_sql_exception: Cannot add or update a child row: a foreign key constraint fails (`808_starter`.`clients`, CONSTRAINT `clients_main_contact_foreign` FOREIGN KEY (`main_contact`) REFERENCES `users` (`id`) ON DELETE CASCADE ON UPDATE CASCADE)
in SYSTEMPATH\Database\MySQLi\Connection.php on line 312.
 1 SYSTEMPATH\Database\MySQLi\Connection.php(312): mysqli->query('INSERT INTO `clients` (`id`, `client_name`, `type`, `address`, `city`, `state`, `zip`, `website`, `website_image`, `client_logo`, `main_contact`, `billing_contact`, `main_email`, `main_phone`, `group_ids`, `owner_id`, `created_by`, `client_status`, `client_migration_date`, `tax_id_number`, `disable_online_payment`, `notes`, `created_at`, `updated_at`) VALUES (1056, \'HI One Sushi\', \'organization\', \'909 Kapiolani Blvd Suite B\', \'Honolulu\', \'HI\', \'96814\', \'hionesushi.808.biz\', \'noimage2.webp\', \'sushiLogo.jpg\', 7, 7, \'cha@aol.com\', \'5555551212\', 2, 1, 1, 1, \'2023-9-18\', NULL, 0, \'Hawaii\\\'s Best Sushi in Honolulu\', \'2024-11-28 17:28:05\', \'2024-11-28 17:28:05\')', 0)
 2 SYSTEMPATH\Database\BaseConnection.php(734): CodeIgniter\Database\MySQLi\Connection->execute('INSERT INTO `clients` (`id`, `client_name`, `type`, `address`, `city`, `state`, `zip`, `website`, `website_image`, `client_logo`, `main_contact`, `billing_contact`, `main_email`, `main_phone`, `group_ids`, `owner_id`, `created_by`, `client_status`, `client_migration_date`, `tax_id_number`, `disable_online_payment`, `notes`, `created_at`, `updated_at`) VALUES (1056, \'HI One Sushi\', \'organization\', \'909 Kapiolani Blvd Suite B\', \'Honolulu\', \'HI\', \'96814\', \'hionesushi.808.biz\', \'noimage2.webp\', \'sushiLogo.jpg\', 7, 7, \'cha@aol.com\', \'5555551212\', 2, 1, 1, 1, \'2023-9-18\', NULL, 0, \'Hawaii\\\'s Best Sushi in Honolulu\', \'2024-11-28 17:28:05\', \'2024-11-28 17:28:05\')')
 3 SYSTEMPATH\Database\BaseConnection.php(648): CodeIgniter\Database\BaseConnection->simpleQuery('INSERT INTO `clients` (`id`, `client_name`, `type`, `address`, `city`, `state`, `zip`, `website`, `website_image`, `client_logo`, `main_contact`, `billing_contact`, `main_email`, `main_phone`, `group_ids`, `owner_id`, `created_by`, `client_status`, `client_migration_date`, `tax_id_number`, `disable_online_payment`, `notes`, `created_at`, `updated_at`) VALUES (1056, \'HI One Sushi\', \'organization\', \'909 Kapiolani Blvd Suite B\', \'Honolulu\', \'HI\', \'96814\', \'hionesushi.808.biz\', \'noimage2.webp\', \'sushiLogo.jpg\', 7, 7, \'cha@aol.com\', \'5555551212\', 2, 1, 1, 1, \'2023-9-18\', NULL, 0, \'Hawaii\\\'s Best Sushi in Honolulu\', \'2024-11-28 17:28:05\', \'2024-11-28 17:28:05\')')
 4 SYSTEMPATH\Database\BaseBuilder.php(2340): CodeIgniter\Database\BaseConnection->query('INSERT INTO `clients` (`id`, `client_name`, `type`, `address`, `city`, `state`, `zip`, `website`, `website_image`, `client_logo`, `main_contact`, `billing_contact`, `main_email`, `main_phone`, `group_ids`, `owner_id`, `created_by`, `client_status`, `client_migration_date`, `tax_id_number`, `disable_online_payment`, `notes`, `created_at`, `updated_at`) VALUES (:id.7:, :client_name:, :type:, :address:, :city:, :state:, :zip:, :website:, :website_image:, :client_logo:, :main_contact:, :billing_contact:, :main_email:, :main_phone:, :group_ids:, :owner_id:, :created_by:, :client_status:, :client_migration_date:, :tax_id_number:, :disable_online_payment:, :notes:, :created_at:, :updated_at:)', [...], false)
 5 SYSTEMPATH\Model.php(394): CodeIgniter\Database\BaseBuilder->insert()
 6 SYSTEMPATH\BaseModel.php(840): CodeIgniter\Model->doInsert([...])
 7 SYSTEMPATH\Model.php(802): CodeIgniter\BaseModel->insert([...], false)
 8 SYSTEMPATH\BaseModel.php(751): CodeIgniter\Model->insert([...], false)
 9 APPPATH\Database\Seeds\ClientsSeeder.php(452): CodeIgniter\BaseModel->save([...])
10 SYSTEMPATH\Database\Seeder.php(147): App\Database\Seeds\ClientsSeeder->run()
11 APPPATH\Database\Seeds\A2Seeder.php(28): CodeIgniter\Database\Seeder->call('App\\Database\\Seeds\\ClientsSeeder')
12 SYSTEMPATH\Database\Seeder.php(147): App\Database\Seeds\A2Seeder->run()
13 APPPATH\Database\Seeds\BaseSeeder.php(14): CodeIgniter\Database\Seeder->call('App\\Database\\Seeds\\A2Seeder')
14 SYSTEMPATH\Database\Seeder.php(147): App\Database\Seeds\BaseSeeder->run()
15 APPPATH\Commands\Install.php(81): CodeIgniter\Database\Seeder->call('App\\Database\\Seeds\\BaseSeeder')
16 APPPATH\Commands\Install.php(53): App\Commands\Install->runSeeder()
17 SYSTEMPATH\CLI\Commands.php(70): App\Commands\Install->run([])
18 SYSTEMPATH\CLI\Console.php(48): CodeIgniter\CLI\Commands->run('starter:install', [])
19 SYSTEMPATH\Boot.php(351): CodeIgniter\CLI\Console->run()
20 SYSTEMPATH\Boot.php(104): CodeIgniter\Boot::runCommand(Object(CodeIgniter\CLI\Console))
21 ROOTPATH\spark(84): CodeIgniter\Boot::bootSpark(Object(Config\Paths))
ERROR - 2024-11-28 17:38:15 --> mysqli_sql_exception: Cannot add or update a child row: a foreign key constraint fails (`808_starter`.`clients`, CONSTRAINT `clients_main_contact_foreign` FOREIGN KEY (`main_contact`) REFERENCES `users` (`id`) ON DELETE CASCADE ON UPDATE CASCADE) in X:\00.templates\ci4-starter\dist\vendor\codeigniter4\framework\system\Database\MySQLi\Connection.php:312
Stack trace:
#0 X:\00.templates\ci4-starter\dist\vendor\codeigniter4\framework\system\Database\MySQLi\Connection.php(312): mysqli->query('INSERT INTO `cl...', 0)
#1 X:\00.templates\ci4-starter\dist\vendor\codeigniter4\framework\system\Database\BaseConnection.php(734): CodeIgniter\Database\MySQLi\Connection->execute('INSERT INTO `cl...')
#2 X:\00.templates\ci4-starter\dist\vendor\codeigniter4\framework\system\Database\BaseConnection.php(648): CodeIgniter\Database\BaseConnection->simpleQuery('INSERT INTO `cl...')
#3 X:\00.templates\ci4-starter\dist\vendor\codeigniter4\framework\system\Database\BaseBuilder.php(2340): CodeIgniter\Database\BaseConnection->query('INSERT INTO `cl...', Array, false)
#4 X:\00.templates\ci4-starter\dist\vendor\codeigniter4\framework\system\Model.php(394): CodeIgniter\Database\BaseBuilder->insert()
#5 X:\00.templates\ci4-starter\dist\vendor\codeigniter4\framework\system\BaseModel.php(840): CodeIgniter\Model->doInsert(Array)
#6 X:\00.templates\ci4-starter\dist\vendor\codeigniter4\framework\system\Model.php(802): CodeIgniter\BaseModel->insert(Array, false)
#7 X:\00.templates\ci4-starter\dist\vendor\codeigniter4\framework\system\BaseModel.php(751): CodeIgniter\Model->insert(Array, false)
#8 X:\00.templates\ci4-starter\dist\app\Database\Seeds\ClientsSeeder.php(452): CodeIgniter\BaseModel->save(Array)
#9 X:\00.templates\ci4-starter\dist\vendor\codeigniter4\framework\system\Database\Seeder.php(147): App\Database\Seeds\ClientsSeeder->run()
#10 X:\00.templates\ci4-starter\dist\app\Database\Seeds\A2Seeder.php(28): CodeIgniter\Database\Seeder->call('App\\Database\\Se...')
#11 X:\00.templates\ci4-starter\dist\vendor\codeigniter4\framework\system\Database\Seeder.php(147): App\Database\Seeds\A2Seeder->run()
#12 X:\00.templates\ci4-starter\dist\app\Database\Seeds\BaseSeeder.php(14): CodeIgniter\Database\Seeder->call('App\\Database\\Se...')
#13 X:\00.templates\ci4-starter\dist\vendor\codeigniter4\framework\system\Database\Seeder.php(147): App\Database\Seeds\BaseSeeder->run()
#14 X:\00.templates\ci4-starter\dist\app\Commands\Install.php(81): CodeIgniter\Database\Seeder->call('App\\Database\\Se...')
#15 X:\00.templates\ci4-starter\dist\app\Commands\Install.php(53): App\Commands\Install->runSeeder()
#16 X:\00.templates\ci4-starter\dist\vendor\codeigniter4\framework\system\CLI\Commands.php(70): App\Commands\Install->run(Array)
#17 X:\00.templates\ci4-starter\dist\vendor\codeigniter4\framework\system\CLI\Console.php(48): CodeIgniter\CLI\Commands->run('starter:install', Array)
#18 X:\00.templates\ci4-starter\dist\vendor\codeigniter4\framework\system\Boot.php(351): CodeIgniter\CLI\Console->run()
#19 X:\00.templates\ci4-starter\dist\vendor\codeigniter4\framework\system\Boot.php(104): CodeIgniter\Boot::runCommand(Object(CodeIgniter\CLI\Console))
#20 X:\00.templates\ci4-starter\dist\spark(84): CodeIgniter\Boot::bootSpark(Object(Config\Paths))
#21 {main}
CRITICAL - 2024-11-28 17:38:15 --> CodeIgniter\Database\Exceptions\DatabaseException: Cannot add or update a child row: a foreign key constraint fails (`808_starter`.`clients`, CONSTRAINT `clients_main_contact_foreign` FOREIGN KEY (`main_contact`) REFERENCES `users` (`id`) ON DELETE CASCADE ON UPDATE CASCADE)
[Method: CLI, Route: starter:install]
in SYSTEMPATH\Database\BaseConnection.php on line 688.
 1 SYSTEMPATH\Database\BaseBuilder.php(2340): CodeIgniter\Database\BaseConnection->query('INSERT INTO `clients` (`id`, `client_name`, `type`, `address`, `city`, `state`, `zip`, `website`, `website_image`, `client_logo`, `main_contact`, `billing_contact`, `main_email`, `main_phone`, `group_ids`, `owner_id`, `created_by`, `client_status`, `client_migration_date`, `tax_id_number`, `disable_online_payment`, `notes`, `created_at`, `updated_at`) VALUES (:id.7:, :client_name:, :type:, :address:, :city:, :state:, :zip:, :website:, :website_image:, :client_logo:, :main_contact:, :billing_contact:, :main_email:, :main_phone:, :group_ids:, :owner_id:, :created_by:, :client_status:, :client_migration_date:, :tax_id_number:, :disable_online_payment:, :notes:, :created_at:, :updated_at:)', [...], false)
 2 SYSTEMPATH\Model.php(394): CodeIgniter\Database\BaseBuilder->insert()
 3 SYSTEMPATH\BaseModel.php(840): CodeIgniter\Model->doInsert([...])
 4 SYSTEMPATH\Model.php(802): CodeIgniter\BaseModel->insert([...], false)
 5 SYSTEMPATH\BaseModel.php(751): CodeIgniter\Model->insert([...], false)
 6 APPPATH\Database\Seeds\ClientsSeeder.php(452): CodeIgniter\BaseModel->save([...])
 7 SYSTEMPATH\Database\Seeder.php(147): App\Database\Seeds\ClientsSeeder->run()
 8 APPPATH\Database\Seeds\A2Seeder.php(28): CodeIgniter\Database\Seeder->call('App\\Database\\Seeds\\ClientsSeeder')
 9 SYSTEMPATH\Database\Seeder.php(147): App\Database\Seeds\A2Seeder->run()
10 APPPATH\Database\Seeds\BaseSeeder.php(14): CodeIgniter\Database\Seeder->call('App\\Database\\Seeds\\A2Seeder')
11 SYSTEMPATH\Database\Seeder.php(147): App\Database\Seeds\BaseSeeder->run()
12 APPPATH\Commands\Install.php(81): CodeIgniter\Database\Seeder->call('App\\Database\\Seeds\\BaseSeeder')
13 APPPATH\Commands\Install.php(53): App\Commands\Install->runSeeder()
14 SYSTEMPATH\CLI\Commands.php(70): App\Commands\Install->run([])
15 SYSTEMPATH\CLI\Console.php(48): CodeIgniter\CLI\Commands->run('starter:install', [])
16 SYSTEMPATH\Boot.php(351): CodeIgniter\CLI\Console->run()
17 SYSTEMPATH\Boot.php(104): CodeIgniter\Boot::runCommand(Object(CodeIgniter\CLI\Console))
18 ROOTPATH\spark(84): CodeIgniter\Boot::bootSpark(Object(Config\Paths))
CRITICAL - 2024-11-28 17:38:15 --> [Caused by] CodeIgniter\Database\Exceptions\DatabaseException: Cannot add or update a child row: a foreign key constraint fails (`808_starter`.`clients`, CONSTRAINT `clients_main_contact_foreign` FOREIGN KEY (`main_contact`) REFERENCES `users` (`id`) ON DELETE CASCADE ON UPDATE CASCADE)
in SYSTEMPATH\Database\MySQLi\Connection.php on line 317.
 1 SYSTEMPATH\Database\BaseConnection.php(734): CodeIgniter\Database\MySQLi\Connection->execute('INSERT INTO `clients` (`id`, `client_name`, `type`, `address`, `city`, `state`, `zip`, `website`, `website_image`, `client_logo`, `main_contact`, `billing_contact`, `main_email`, `main_phone`, `group_ids`, `owner_id`, `created_by`, `client_status`, `client_migration_date`, `tax_id_number`, `disable_online_payment`, `notes`, `created_at`, `updated_at`) VALUES (1056, \'HI One Sushi\', \'organization\', \'909 Kapiolani Blvd Suite B\', \'Honolulu\', \'HI\', \'96814\', \'hionesushi.808.biz\', \'noimage2.webp\', \'sushiLogo.jpg\', 7, 7, \'cha@aol.com\', \'5555551212\', 2, 1, 1, 1, \'2023-9-18\', NULL, 0, \'Hawaii\\\'s Best Sushi in Honolulu\', \'2024-11-28 17:38:15\', \'2024-11-28 17:38:15\')')
 2 SYSTEMPATH\Database\BaseConnection.php(648): CodeIgniter\Database\BaseConnection->simpleQuery('INSERT INTO `clients` (`id`, `client_name`, `type`, `address`, `city`, `state`, `zip`, `website`, `website_image`, `client_logo`, `main_contact`, `billing_contact`, `main_email`, `main_phone`, `group_ids`, `owner_id`, `created_by`, `client_status`, `client_migration_date`, `tax_id_number`, `disable_online_payment`, `notes`, `created_at`, `updated_at`) VALUES (1056, \'HI One Sushi\', \'organization\', \'909 Kapiolani Blvd Suite B\', \'Honolulu\', \'HI\', \'96814\', \'hionesushi.808.biz\', \'noimage2.webp\', \'sushiLogo.jpg\', 7, 7, \'cha@aol.com\', \'5555551212\', 2, 1, 1, 1, \'2023-9-18\', NULL, 0, \'Hawaii\\\'s Best Sushi in Honolulu\', \'2024-11-28 17:38:15\', \'2024-11-28 17:38:15\')')
 3 SYSTEMPATH\Database\BaseBuilder.php(2340): CodeIgniter\Database\BaseConnection->query('INSERT INTO `clients` (`id`, `client_name`, `type`, `address`, `city`, `state`, `zip`, `website`, `website_image`, `client_logo`, `main_contact`, `billing_contact`, `main_email`, `main_phone`, `group_ids`, `owner_id`, `created_by`, `client_status`, `client_migration_date`, `tax_id_number`, `disable_online_payment`, `notes`, `created_at`, `updated_at`) VALUES (:id.7:, :client_name:, :type:, :address:, :city:, :state:, :zip:, :website:, :website_image:, :client_logo:, :main_contact:, :billing_contact:, :main_email:, :main_phone:, :group_ids:, :owner_id:, :created_by:, :client_status:, :client_migration_date:, :tax_id_number:, :disable_online_payment:, :notes:, :created_at:, :updated_at:)', [...], false)
 4 SYSTEMPATH\Model.php(394): CodeIgniter\Database\BaseBuilder->insert()
 5 SYSTEMPATH\BaseModel.php(840): CodeIgniter\Model->doInsert([...])
 6 SYSTEMPATH\Model.php(802): CodeIgniter\BaseModel->insert([...], false)
 7 SYSTEMPATH\BaseModel.php(751): CodeIgniter\Model->insert([...], false)
 8 APPPATH\Database\Seeds\ClientsSeeder.php(452): CodeIgniter\BaseModel->save([...])
 9 SYSTEMPATH\Database\Seeder.php(147): App\Database\Seeds\ClientsSeeder->run()
10 APPPATH\Database\Seeds\A2Seeder.php(28): CodeIgniter\Database\Seeder->call('App\\Database\\Seeds\\ClientsSeeder')
11 SYSTEMPATH\Database\Seeder.php(147): App\Database\Seeds\A2Seeder->run()
12 APPPATH\Database\Seeds\BaseSeeder.php(14): CodeIgniter\Database\Seeder->call('App\\Database\\Seeds\\A2Seeder')
13 SYSTEMPATH\Database\Seeder.php(147): App\Database\Seeds\BaseSeeder->run()
14 APPPATH\Commands\Install.php(81): CodeIgniter\Database\Seeder->call('App\\Database\\Seeds\\BaseSeeder')
15 APPPATH\Commands\Install.php(53): App\Commands\Install->runSeeder()
16 SYSTEMPATH\CLI\Commands.php(70): App\Commands\Install->run([])
17 SYSTEMPATH\CLI\Console.php(48): CodeIgniter\CLI\Commands->run('starter:install', [])
18 SYSTEMPATH\Boot.php(351): CodeIgniter\CLI\Console->run()
19 SYSTEMPATH\Boot.php(104): CodeIgniter\Boot::runCommand(Object(CodeIgniter\CLI\Console))
20 ROOTPATH\spark(84): CodeIgniter\Boot::bootSpark(Object(Config\Paths))
CRITICAL - 2024-11-28 17:38:15 --> [Caused by] mysqli_sql_exception: Cannot add or update a child row: a foreign key constraint fails (`808_starter`.`clients`, CONSTRAINT `clients_main_contact_foreign` FOREIGN KEY (`main_contact`) REFERENCES `users` (`id`) ON DELETE CASCADE ON UPDATE CASCADE)
in SYSTEMPATH\Database\MySQLi\Connection.php on line 312.
 1 SYSTEMPATH\Database\MySQLi\Connection.php(312): mysqli->query('INSERT INTO `clients` (`id`, `client_name`, `type`, `address`, `city`, `state`, `zip`, `website`, `website_image`, `client_logo`, `main_contact`, `billing_contact`, `main_email`, `main_phone`, `group_ids`, `owner_id`, `created_by`, `client_status`, `client_migration_date`, `tax_id_number`, `disable_online_payment`, `notes`, `created_at`, `updated_at`) VALUES (1056, \'HI One Sushi\', \'organization\', \'909 Kapiolani Blvd Suite B\', \'Honolulu\', \'HI\', \'96814\', \'hionesushi.808.biz\', \'noimage2.webp\', \'sushiLogo.jpg\', 7, 7, \'cha@aol.com\', \'5555551212\', 2, 1, 1, 1, \'2023-9-18\', NULL, 0, \'Hawaii\\\'s Best Sushi in Honolulu\', \'2024-11-28 17:38:15\', \'2024-11-28 17:38:15\')', 0)
 2 SYSTEMPATH\Database\BaseConnection.php(734): CodeIgniter\Database\MySQLi\Connection->execute('INSERT INTO `clients` (`id`, `client_name`, `type`, `address`, `city`, `state`, `zip`, `website`, `website_image`, `client_logo`, `main_contact`, `billing_contact`, `main_email`, `main_phone`, `group_ids`, `owner_id`, `created_by`, `client_status`, `client_migration_date`, `tax_id_number`, `disable_online_payment`, `notes`, `created_at`, `updated_at`) VALUES (1056, \'HI One Sushi\', \'organization\', \'909 Kapiolani Blvd Suite B\', \'Honolulu\', \'HI\', \'96814\', \'hionesushi.808.biz\', \'noimage2.webp\', \'sushiLogo.jpg\', 7, 7, \'cha@aol.com\', \'5555551212\', 2, 1, 1, 1, \'2023-9-18\', NULL, 0, \'Hawaii\\\'s Best Sushi in Honolulu\', \'2024-11-28 17:38:15\', \'2024-11-28 17:38:15\')')
 3 SYSTEMPATH\Database\BaseConnection.php(648): CodeIgniter\Database\BaseConnection->simpleQuery('INSERT INTO `clients` (`id`, `client_name`, `type`, `address`, `city`, `state`, `zip`, `website`, `website_image`, `client_logo`, `main_contact`, `billing_contact`, `main_email`, `main_phone`, `group_ids`, `owner_id`, `created_by`, `client_status`, `client_migration_date`, `tax_id_number`, `disable_online_payment`, `notes`, `created_at`, `updated_at`) VALUES (1056, \'HI One Sushi\', \'organization\', \'909 Kapiolani Blvd Suite B\', \'Honolulu\', \'HI\', \'96814\', \'hionesushi.808.biz\', \'noimage2.webp\', \'sushiLogo.jpg\', 7, 7, \'cha@aol.com\', \'5555551212\', 2, 1, 1, 1, \'2023-9-18\', NULL, 0, \'Hawaii\\\'s Best Sushi in Honolulu\', \'2024-11-28 17:38:15\', \'2024-11-28 17:38:15\')')
 4 SYSTEMPATH\Database\BaseBuilder.php(2340): CodeIgniter\Database\BaseConnection->query('INSERT INTO `clients` (`id`, `client_name`, `type`, `address`, `city`, `state`, `zip`, `website`, `website_image`, `client_logo`, `main_contact`, `billing_contact`, `main_email`, `main_phone`, `group_ids`, `owner_id`, `created_by`, `client_status`, `client_migration_date`, `tax_id_number`, `disable_online_payment`, `notes`, `created_at`, `updated_at`) VALUES (:id.7:, :client_name:, :type:, :address:, :city:, :state:, :zip:, :website:, :website_image:, :client_logo:, :main_contact:, :billing_contact:, :main_email:, :main_phone:, :group_ids:, :owner_id:, :created_by:, :client_status:, :client_migration_date:, :tax_id_number:, :disable_online_payment:, :notes:, :created_at:, :updated_at:)', [...], false)
 5 SYSTEMPATH\Model.php(394): CodeIgniter\Database\BaseBuilder->insert()
 6 SYSTEMPATH\BaseModel.php(840): CodeIgniter\Model->doInsert([...])
 7 SYSTEMPATH\Model.php(802): CodeIgniter\BaseModel->insert([...], false)
 8 SYSTEMPATH\BaseModel.php(751): CodeIgniter\Model->insert([...], false)
 9 APPPATH\Database\Seeds\ClientsSeeder.php(452): CodeIgniter\BaseModel->save([...])
10 SYSTEMPATH\Database\Seeder.php(147): App\Database\Seeds\ClientsSeeder->run()
11 APPPATH\Database\Seeds\A2Seeder.php(28): CodeIgniter\Database\Seeder->call('App\\Database\\Seeds\\ClientsSeeder')
12 SYSTEMPATH\Database\Seeder.php(147): App\Database\Seeds\A2Seeder->run()
13 APPPATH\Database\Seeds\BaseSeeder.php(14): CodeIgniter\Database\Seeder->call('App\\Database\\Seeds\\A2Seeder')
14 SYSTEMPATH\Database\Seeder.php(147): App\Database\Seeds\BaseSeeder->run()
15 APPPATH\Commands\Install.php(81): CodeIgniter\Database\Seeder->call('App\\Database\\Seeds\\BaseSeeder')
16 APPPATH\Commands\Install.php(53): App\Commands\Install->runSeeder()
17 SYSTEMPATH\CLI\Commands.php(70): App\Commands\Install->run([])
18 SYSTEMPATH\CLI\Console.php(48): CodeIgniter\CLI\Commands->run('starter:install', [])
19 SYSTEMPATH\Boot.php(351): CodeIgniter\CLI\Console->run()
20 SYSTEMPATH\Boot.php(104): CodeIgniter\Boot::runCommand(Object(CodeIgniter\CLI\Console))
21 ROOTPATH\spark(84): CodeIgniter\Boot::bootSpark(Object(Config\Paths))
ERROR - 2024-11-28 17:49:19 --> mysqli_sql_exception: Unknown column 'client_id' in 'field list' in X:\00.templates\ci4-starter\dist\vendor\codeigniter4\framework\system\Database\MySQLi\Connection.php:312
Stack trace:
#0 X:\00.templates\ci4-starter\dist\vendor\codeigniter4\framework\system\Database\MySQLi\Connection.php(312): mysqli->query('INSERT INTO `us...', 0)
#1 X:\00.templates\ci4-starter\dist\vendor\codeigniter4\framework\system\Database\BaseConnection.php(734): CodeIgniter\Database\MySQLi\Connection->execute('INSERT INTO `us...')
#2 X:\00.templates\ci4-starter\dist\vendor\codeigniter4\framework\system\Database\BaseConnection.php(648): CodeIgniter\Database\BaseConnection->simpleQuery('INSERT INTO `us...')
#3 X:\00.templates\ci4-starter\dist\vendor\codeigniter4\framework\system\Database\BaseBuilder.php(2340): CodeIgniter\Database\BaseConnection->query('INSERT INTO `us...', Array, false)
#4 X:\00.templates\ci4-starter\dist\vendor\codeigniter4\framework\system\Model.php(394): CodeIgniter\Database\BaseBuilder->insert()
#5 X:\00.templates\ci4-starter\dist\vendor\codeigniter4\framework\system\BaseModel.php(840): CodeIgniter\Model->doInsert(Array)
#6 X:\00.templates\ci4-starter\dist\vendor\codeigniter4\framework\system\Model.php(802): CodeIgniter\BaseModel->insert(Array, false)
#7 X:\00.templates\ci4-starter\dist\vendor\codeigniter4\shield\src\Models\UserModel.php(270): CodeIgniter\Model->insert(Object(CodeIgniter\Shield\Entities\User), false)
#8 X:\00.templates\ci4-starter\dist\vendor\codeigniter4\framework\system\BaseModel.php(751): CodeIgniter\Shield\Models\UserModel->insert(Object(CodeIgniter\Shield\Entities\User), false)
#9 X:\00.templates\ci4-starter\dist\vendor\codeigniter4\shield\src\Models\UserModel.php(332): CodeIgniter\BaseModel->save(Object(CodeIgniter\Shield\Entities\User))
#10 X:\00.templates\ci4-starter\dist\app\Database\Seeds\UserSeeder.php(47): CodeIgniter\Shield\Models\UserModel->save(Object(CodeIgniter\Shield\Entities\User))
#11 X:\00.templates\ci4-starter\dist\vendor\codeigniter4\framework\system\Database\Seeder.php(147): App\Database\Seeds\UserSeeder->run()
#12 X:\00.templates\ci4-starter\dist\app\Database\Seeds\A1Seeder.php(11): CodeIgniter\Database\Seeder->call('App\\Database\\Se...')
#13 X:\00.templates\ci4-starter\dist\vendor\codeigniter4\framework\system\Database\Seeder.php(147): App\Database\Seeds\A1Seeder->run()
#14 X:\00.templates\ci4-starter\dist\app\Database\Seeds\BaseSeeder.php(13): CodeIgniter\Database\Seeder->call('App\\Database\\Se...')
#15 X:\00.templates\ci4-starter\dist\vendor\codeigniter4\framework\system\Database\Seeder.php(147): App\Database\Seeds\BaseSeeder->run()
#16 X:\00.templates\ci4-starter\dist\app\Commands\Install.php(81): CodeIgniter\Database\Seeder->call('App\\Database\\Se...')
#17 X:\00.templates\ci4-starter\dist\app\Commands\Install.php(53): App\Commands\Install->runSeeder()
#18 X:\00.templates\ci4-starter\dist\vendor\codeigniter4\framework\system\CLI\Commands.php(70): App\Commands\Install->run(Array)
#19 X:\00.templates\ci4-starter\dist\vendor\codeigniter4\framework\system\CLI\Console.php(48): CodeIgniter\CLI\Commands->run('starter:install', Array)
#20 X:\00.templates\ci4-starter\dist\vendor\codeigniter4\framework\system\Boot.php(351): CodeIgniter\CLI\Console->run()
#21 X:\00.templates\ci4-starter\dist\vendor\codeigniter4\framework\system\Boot.php(104): CodeIgniter\Boot::runCommand(Object(CodeIgniter\CLI\Console))
#22 X:\00.templates\ci4-starter\dist\spark(84): CodeIgniter\Boot::bootSpark(Object(Config\Paths))
#23 {main}
CRITICAL - 2024-11-28 17:49:19 --> CodeIgniter\Database\Exceptions\DatabaseException: Unknown column 'client_id' in 'field list'
[Method: CLI, Route: starter:install]
in SYSTEMPATH\Database\BaseConnection.php on line 688.
 1 SYSTEMPATH\Database\BaseBuilder.php(2340): CodeIgniter\Database\BaseConnection->query('INSERT INTO `users` (`username`, `first_name`, `last_name`, `dob`, `client_id`, `description`, `avatar`, `image`, `phone`, `mobile_number`, `message_checked_at`, `notification_checked_at`, `job_title`, `user_type`, `note`, `sticky_note`, `enable_web_notification`, `enable_email_notification`, `whatsapp`, `instagram`, `facebook`, `twitter`, `linked_in`, `skype`, `tiktok`, `created_at`, `updated_at`) VALUES (:username:, :first_name:, :last_name:, :dob:, :client_id:, :description:, :avatar:, :image:, :phone:, :mobile_number:, :message_checked_at:, :notification_checked_at:, :job_title:, :user_type:, :note:, :sticky_note:, :enable_web_notification:, :enable_email_notification:, :whatsapp:, :instagram:, :facebook:, :twitter:, :linked_in:, :skype:, :tiktok:, :created_at:, :updated_at:)', [...], false)
 2 SYSTEMPATH\Model.php(394): CodeIgniter\Database\BaseBuilder->insert()
 3 SYSTEMPATH\BaseModel.php(840): CodeIgniter\Model->doInsert([...])
 4 SYSTEMPATH\Model.php(802): CodeIgniter\BaseModel->insert([...], false)
 5 VENDORPATH\codeigniter4\shield\src\Models\UserModel.php(270): CodeIgniter\Model->insert(Object(CodeIgniter\Shield\Entities\User), false)
 6 SYSTEMPATH\BaseModel.php(751): CodeIgniter\Shield\Models\UserModel->insert(Object(CodeIgniter\Shield\Entities\User), false)
 7 VENDORPATH\codeigniter4\shield\src\Models\UserModel.php(332): CodeIgniter\BaseModel->save(Object(CodeIgniter\Shield\Entities\User))
 8 APPPATH\Database\Seeds\UserSeeder.php(47): CodeIgniter\Shield\Models\UserModel->save(Object(CodeIgniter\Shield\Entities\User))
 9 SYSTEMPATH\Database\Seeder.php(147): App\Database\Seeds\UserSeeder->run()
10 APPPATH\Database\Seeds\A1Seeder.php(11): CodeIgniter\Database\Seeder->call('App\\Database\\Seeds\\UserSeeder')
11 SYSTEMPATH\Database\Seeder.php(147): App\Database\Seeds\A1Seeder->run()
12 APPPATH\Database\Seeds\BaseSeeder.php(13): CodeIgniter\Database\Seeder->call('App\\Database\\Seeds\\A1Seeder')
13 SYSTEMPATH\Database\Seeder.php(147): App\Database\Seeds\BaseSeeder->run()
14 APPPATH\Commands\Install.php(81): CodeIgniter\Database\Seeder->call('App\\Database\\Seeds\\BaseSeeder')
15 APPPATH\Commands\Install.php(53): App\Commands\Install->runSeeder()
16 SYSTEMPATH\CLI\Commands.php(70): App\Commands\Install->run([])
17 SYSTEMPATH\CLI\Console.php(48): CodeIgniter\CLI\Commands->run('starter:install', [])
18 SYSTEMPATH\Boot.php(351): CodeIgniter\CLI\Console->run()
19 SYSTEMPATH\Boot.php(104): CodeIgniter\Boot::runCommand(Object(CodeIgniter\CLI\Console))
20 ROOTPATH\spark(84): CodeIgniter\Boot::bootSpark(Object(Config\Paths))
CRITICAL - 2024-11-28 17:49:19 --> [Caused by] CodeIgniter\Database\Exceptions\DatabaseException: Unknown column 'client_id' in 'field list'
in SYSTEMPATH\Database\MySQLi\Connection.php on line 317.
 1 SYSTEMPATH\Database\BaseConnection.php(734): CodeIgniter\Database\MySQLi\Connection->execute('INSERT INTO `users` (`username`, `first_name`, `last_name`, `dob`, `client_id`, `description`, `avatar`, `image`, `phone`, `mobile_number`, `message_checked_at`, `notification_checked_at`, `job_title`, `user_type`, `note`, `sticky_note`, `enable_web_notification`, `enable_email_notification`, `whatsapp`, `instagram`, `facebook`, `twitter`, `linked_in`, `skype`, `tiktok`, `created_at`, `updated_at`) VALUES (\'JayLamping\', \'John\', \'Lamping\', \'1963-03-07\', \'1050\', \'no desc yet\', \'01.png\', \'bg-profile-default.jpg\', \'8087251900\', \'8585551212\', \'\', \'\', \'President\', \'staff\', \'add a better note here\', \'add a better sticky note here\', \'1\', \'1\', \'@808biz\', \'@808biz\', \'@808biz\', \'@808biz\', \'@808biz\', \'@808biz\', \'@808biz\', \'2024-11-28 17:49:19\', \'2024-11-28 17:49:19\')')
 2 SYSTEMPATH\Database\BaseConnection.php(648): CodeIgniter\Database\BaseConnection->simpleQuery('INSERT INTO `users` (`username`, `first_name`, `last_name`, `dob`, `client_id`, `description`, `avatar`, `image`, `phone`, `mobile_number`, `message_checked_at`, `notification_checked_at`, `job_title`, `user_type`, `note`, `sticky_note`, `enable_web_notification`, `enable_email_notification`, `whatsapp`, `instagram`, `facebook`, `twitter`, `linked_in`, `skype`, `tiktok`, `created_at`, `updated_at`) VALUES (\'JayLamping\', \'John\', \'Lamping\', \'1963-03-07\', \'1050\', \'no desc yet\', \'01.png\', \'bg-profile-default.jpg\', \'8087251900\', \'8585551212\', \'\', \'\', \'President\', \'staff\', \'add a better note here\', \'add a better sticky note here\', \'1\', \'1\', \'@808biz\', \'@808biz\', \'@808biz\', \'@808biz\', \'@808biz\', \'@808biz\', \'@808biz\', \'2024-11-28 17:49:19\', \'2024-11-28 17:49:19\')')
 3 SYSTEMPATH\Database\BaseBuilder.php(2340): CodeIgniter\Database\BaseConnection->query('INSERT INTO `users` (`username`, `first_name`, `last_name`, `dob`, `client_id`, `description`, `avatar`, `image`, `phone`, `mobile_number`, `message_checked_at`, `notification_checked_at`, `job_title`, `user_type`, `note`, `sticky_note`, `enable_web_notification`, `enable_email_notification`, `whatsapp`, `instagram`, `facebook`, `twitter`, `linked_in`, `skype`, `tiktok`, `created_at`, `updated_at`) VALUES (:username:, :first_name:, :last_name:, :dob:, :client_id:, :description:, :avatar:, :image:, :phone:, :mobile_number:, :message_checked_at:, :notification_checked_at:, :job_title:, :user_type:, :note:, :sticky_note:, :enable_web_notification:, :enable_email_notification:, :whatsapp:, :instagram:, :facebook:, :twitter:, :linked_in:, :skype:, :tiktok:, :created_at:, :updated_at:)', [...], false)
 4 SYSTEMPATH\Model.php(394): CodeIgniter\Database\BaseBuilder->insert()
 5 SYSTEMPATH\BaseModel.php(840): CodeIgniter\Model->doInsert([...])
 6 SYSTEMPATH\Model.php(802): CodeIgniter\BaseModel->insert([...], false)
 7 VENDORPATH\codeigniter4\shield\src\Models\UserModel.php(270): CodeIgniter\Model->insert(Object(CodeIgniter\Shield\Entities\User), false)
 8 SYSTEMPATH\BaseModel.php(751): CodeIgniter\Shield\Models\UserModel->insert(Object(CodeIgniter\Shield\Entities\User), false)
 9 VENDORPATH\codeigniter4\shield\src\Models\UserModel.php(332): CodeIgniter\BaseModel->save(Object(CodeIgniter\Shield\Entities\User))
10 APPPATH\Database\Seeds\UserSeeder.php(47): CodeIgniter\Shield\Models\UserModel->save(Object(CodeIgniter\Shield\Entities\User))
11 SYSTEMPATH\Database\Seeder.php(147): App\Database\Seeds\UserSeeder->run()
12 APPPATH\Database\Seeds\A1Seeder.php(11): CodeIgniter\Database\Seeder->call('App\\Database\\Seeds\\UserSeeder')
13 SYSTEMPATH\Database\Seeder.php(147): App\Database\Seeds\A1Seeder->run()
14 APPPATH\Database\Seeds\BaseSeeder.php(13): CodeIgniter\Database\Seeder->call('App\\Database\\Seeds\\A1Seeder')
15 SYSTEMPATH\Database\Seeder.php(147): App\Database\Seeds\BaseSeeder->run()
16 APPPATH\Commands\Install.php(81): CodeIgniter\Database\Seeder->call('App\\Database\\Seeds\\BaseSeeder')
17 APPPATH\Commands\Install.php(53): App\Commands\Install->runSeeder()
18 SYSTEMPATH\CLI\Commands.php(70): App\Commands\Install->run([])
19 SYSTEMPATH\CLI\Console.php(48): CodeIgniter\CLI\Commands->run('starter:install', [])
20 SYSTEMPATH\Boot.php(351): CodeIgniter\CLI\Console->run()
21 SYSTEMPATH\Boot.php(104): CodeIgniter\Boot::runCommand(Object(CodeIgniter\CLI\Console))
22 ROOTPATH\spark(84): CodeIgniter\Boot::bootSpark(Object(Config\Paths))
CRITICAL - 2024-11-28 17:49:19 --> [Caused by] mysqli_sql_exception: Unknown column 'client_id' in 'field list'
in SYSTEMPATH\Database\MySQLi\Connection.php on line 312.
 1 SYSTEMPATH\Database\MySQLi\Connection.php(312): mysqli->query('INSERT INTO `users` (`username`, `first_name`, `last_name`, `dob`, `client_id`, `description`, `avatar`, `image`, `phone`, `mobile_number`, `message_checked_at`, `notification_checked_at`, `job_title`, `user_type`, `note`, `sticky_note`, `enable_web_notification`, `enable_email_notification`, `whatsapp`, `instagram`, `facebook`, `twitter`, `linked_in`, `skype`, `tiktok`, `created_at`, `updated_at`) VALUES (\'JayLamping\', \'John\', \'Lamping\', \'1963-03-07\', \'1050\', \'no desc yet\', \'01.png\', \'bg-profile-default.jpg\', \'8087251900\', \'8585551212\', \'\', \'\', \'President\', \'staff\', \'add a better note here\', \'add a better sticky note here\', \'1\', \'1\', \'@808biz\', \'@808biz\', \'@808biz\', \'@808biz\', \'@808biz\', \'@808biz\', \'@808biz\', \'2024-11-28 17:49:19\', \'2024-11-28 17:49:19\')', 0)
 2 SYSTEMPATH\Database\BaseConnection.php(734): CodeIgniter\Database\MySQLi\Connection->execute('INSERT INTO `users` (`username`, `first_name`, `last_name`, `dob`, `client_id`, `description`, `avatar`, `image`, `phone`, `mobile_number`, `message_checked_at`, `notification_checked_at`, `job_title`, `user_type`, `note`, `sticky_note`, `enable_web_notification`, `enable_email_notification`, `whatsapp`, `instagram`, `facebook`, `twitter`, `linked_in`, `skype`, `tiktok`, `created_at`, `updated_at`) VALUES (\'JayLamping\', \'John\', \'Lamping\', \'1963-03-07\', \'1050\', \'no desc yet\', \'01.png\', \'bg-profile-default.jpg\', \'8087251900\', \'8585551212\', \'\', \'\', \'President\', \'staff\', \'add a better note here\', \'add a better sticky note here\', \'1\', \'1\', \'@808biz\', \'@808biz\', \'@808biz\', \'@808biz\', \'@808biz\', \'@808biz\', \'@808biz\', \'2024-11-28 17:49:19\', \'2024-11-28 17:49:19\')')
 3 SYSTEMPATH\Database\BaseConnection.php(648): CodeIgniter\Database\BaseConnection->simpleQuery('INSERT INTO `users` (`username`, `first_name`, `last_name`, `dob`, `client_id`, `description`, `avatar`, `image`, `phone`, `mobile_number`, `message_checked_at`, `notification_checked_at`, `job_title`, `user_type`, `note`, `sticky_note`, `enable_web_notification`, `enable_email_notification`, `whatsapp`, `instagram`, `facebook`, `twitter`, `linked_in`, `skype`, `tiktok`, `created_at`, `updated_at`) VALUES (\'JayLamping\', \'John\', \'Lamping\', \'1963-03-07\', \'1050\', \'no desc yet\', \'01.png\', \'bg-profile-default.jpg\', \'8087251900\', \'8585551212\', \'\', \'\', \'President\', \'staff\', \'add a better note here\', \'add a better sticky note here\', \'1\', \'1\', \'@808biz\', \'@808biz\', \'@808biz\', \'@808biz\', \'@808biz\', \'@808biz\', \'@808biz\', \'2024-11-28 17:49:19\', \'2024-11-28 17:49:19\')')
 4 SYSTEMPATH\Database\BaseBuilder.php(2340): CodeIgniter\Database\BaseConnection->query('INSERT INTO `users` (`username`, `first_name`, `last_name`, `dob`, `client_id`, `description`, `avatar`, `image`, `phone`, `mobile_number`, `message_checked_at`, `notification_checked_at`, `job_title`, `user_type`, `note`, `sticky_note`, `enable_web_notification`, `enable_email_notification`, `whatsapp`, `instagram`, `facebook`, `twitter`, `linked_in`, `skype`, `tiktok`, `created_at`, `updated_at`) VALUES (:username:, :first_name:, :last_name:, :dob:, :client_id:, :description:, :avatar:, :image:, :phone:, :mobile_number:, :message_checked_at:, :notification_checked_at:, :job_title:, :user_type:, :note:, :sticky_note:, :enable_web_notification:, :enable_email_notification:, :whatsapp:, :instagram:, :facebook:, :twitter:, :linked_in:, :skype:, :tiktok:, :created_at:, :updated_at:)', [...], false)
 5 SYSTEMPATH\Model.php(394): CodeIgniter\Database\BaseBuilder->insert()
 6 SYSTEMPATH\BaseModel.php(840): CodeIgniter\Model->doInsert([...])
 7 SYSTEMPATH\Model.php(802): CodeIgniter\BaseModel->insert([...], false)
 8 VENDORPATH\codeigniter4\shield\src\Models\UserModel.php(270): CodeIgniter\Model->insert(Object(CodeIgniter\Shield\Entities\User), false)
 9 SYSTEMPATH\BaseModel.php(751): CodeIgniter\Shield\Models\UserModel->insert(Object(CodeIgniter\Shield\Entities\User), false)
10 VENDORPATH\codeigniter4\shield\src\Models\UserModel.php(332): CodeIgniter\BaseModel->save(Object(CodeIgniter\Shield\Entities\User))
11 APPPATH\Database\Seeds\UserSeeder.php(47): CodeIgniter\Shield\Models\UserModel->save(Object(CodeIgniter\Shield\Entities\User))
12 SYSTEMPATH\Database\Seeder.php(147): App\Database\Seeds\UserSeeder->run()
13 APPPATH\Database\Seeds\A1Seeder.php(11): CodeIgniter\Database\Seeder->call('App\\Database\\Seeds\\UserSeeder')
14 SYSTEMPATH\Database\Seeder.php(147): App\Database\Seeds\A1Seeder->run()
15 APPPATH\Database\Seeds\BaseSeeder.php(13): CodeIgniter\Database\Seeder->call('App\\Database\\Seeds\\A1Seeder')
16 SYSTEMPATH\Database\Seeder.php(147): App\Database\Seeds\BaseSeeder->run()
17 APPPATH\Commands\Install.php(81): CodeIgniter\Database\Seeder->call('App\\Database\\Seeds\\BaseSeeder')
18 APPPATH\Commands\Install.php(53): App\Commands\Install->runSeeder()
19 SYSTEMPATH\CLI\Commands.php(70): App\Commands\Install->run([])
20 SYSTEMPATH\CLI\Console.php(48): CodeIgniter\CLI\Commands->run('starter:install', [])
21 SYSTEMPATH\Boot.php(351): CodeIgniter\CLI\Console->run()
22 SYSTEMPATH\Boot.php(104): CodeIgniter\Boot::runCommand(Object(CodeIgniter\CLI\Console))
23 ROOTPATH\spark(84): CodeIgniter\Boot::bootSpark(Object(Config\Paths))
