ERROR - 2024-11-27 09:18:08 --> mysqli_sql_exception: Cannot add or update a child row: a foreign key constraint fails (`808_starter`.`downloads`, CONSTRAINT `downloads_category_id_foreign` FOREIGN KEY (`category_id`) REFERENCES `categories` (`id`) ON DELETE CASCADE ON UPDATE CASCADE) in X:\00.templates\ci4-starter\dist\vendor\codeigniter4\framework\system\Database\MySQLi\Connection.php:312
Stack trace:
#0 X:\00.templates\ci4-starter\dist\vendor\codeigniter4\framework\system\Database\MySQLi\Connection.php(312): mysqli->query('INSERT INTO `do...', 0)
#1 X:\00.templates\ci4-starter\dist\vendor\codeigniter4\framework\system\Database\BaseConnection.php(734): CodeIgniter\Database\MySQLi\Connection->execute('INSERT INTO `do...')
#2 X:\00.templates\ci4-starter\dist\vendor\codeigniter4\framework\system\Database\BaseConnection.php(648): CodeIgniter\Database\BaseConnection->simpleQuery('INSERT INTO `do...')
#3 X:\00.templates\ci4-starter\dist\vendor\codeigniter4\framework\system\Database\BaseBuilder.php(2340): CodeIgniter\Database\BaseConnection->query('INSERT INTO `do...', Array, false)
#4 X:\00.templates\ci4-starter\dist\vendor\codeigniter4\framework\system\Model.php(394): CodeIgniter\Database\BaseBuilder->insert()
#5 X:\00.templates\ci4-starter\dist\vendor\codeigniter4\framework\system\BaseModel.php(840): CodeIgniter\Model->doInsert(Array)
#6 X:\00.templates\ci4-starter\dist\vendor\codeigniter4\framework\system\Model.php(802): CodeIgniter\BaseModel->insert(Array, true)
#7 X:\00.templates\ci4-starter\dist\app\Database\Seeds\DownloadsSeeder.php(95): CodeIgniter\Model->insert(Array)
#8 X:\00.templates\ci4-starter\dist\vendor\codeigniter4\framework\system\Database\Seeder.php(147): App\Database\Seeds\DownloadsSeeder->run()
#9 X:\00.templates\ci4-starter\dist\app\Database\Seeds\A1Seeder.php(12): CodeIgniter\Database\Seeder->call('App\\Database\\Se...')
#10 X:\00.templates\ci4-starter\dist\vendor\codeigniter4\framework\system\Database\Seeder.php(147): App\Database\Seeds\A1Seeder->run()
#11 X:\00.templates\ci4-starter\dist\app\Database\Seeds\BaseSeeder.php(13): CodeIgniter\Database\Seeder->call('App\\Database\\Se...')
#12 X:\00.templates\ci4-starter\dist\vendor\codeigniter4\framework\system\Database\Seeder.php(147): App\Database\Seeds\BaseSeeder->run()
#13 X:\00.templates\ci4-starter\dist\app\Commands\Install.php(81): CodeIgniter\Database\Seeder->call('App\\Database\\Se...')
#14 X:\00.templates\ci4-starter\dist\app\Commands\Install.php(53): App\Commands\Install->runSeeder()
#15 X:\00.templates\ci4-starter\dist\vendor\codeigniter4\framework\system\CLI\Commands.php(70): App\Commands\Install->run(Array)
#16 X:\00.templates\ci4-starter\dist\vendor\codeigniter4\framework\system\CLI\Console.php(48): CodeIgniter\CLI\Commands->run('starter:install', Array)
#17 X:\00.templates\ci4-starter\dist\vendor\codeigniter4\framework\system\Boot.php(351): CodeIgniter\CLI\Console->run()
#18 X:\00.templates\ci4-starter\dist\vendor\codeigniter4\framework\system\Boot.php(104): CodeIgniter\Boot::runCommand(Object(CodeIgniter\CLI\Console))
#19 X:\00.templates\ci4-starter\dist\spark(84): CodeIgniter\Boot::bootSpark(Object(Config\Paths))
#20 {main}
CRITICAL - 2024-11-27 09:18:08 --> CodeIgniter\Database\Exceptions\DatabaseException: Cannot add or update a child row: a foreign key constraint fails (`808_starter`.`downloads`, CONSTRAINT `downloads_category_id_foreign` FOREIGN KEY (`category_id`) REFERENCES `categories` (`id`) ON DELETE CASCADE ON UPDATE CASCADE)
[Method: CLI, Route: starter:install]
in SYSTEMPATH\Database\BaseConnection.php on line 688.
 1 SYSTEMPATH\Database\BaseBuilder.php(2340): CodeIgniter\Database\BaseConnection->query('INSERT INTO `downloads` (`category_id`, `user_id`, `name`, `type`, `description`, `image`, `image_alt`, `website`, `hits`, `created_at`, `updated_at`) VALUES (:category_id:, :user_id:, :name:, :type:, :description:, :image:, :image_alt:, :website:, :hits:, :created_at:, :updated_at:)', [...], false)
 2 SYSTEMPATH\Model.php(394): CodeIgniter\Database\BaseBuilder->insert()
 3 SYSTEMPATH\BaseModel.php(840): CodeIgniter\Model->doInsert([...])
 4 SYSTEMPATH\Model.php(802): CodeIgniter\BaseModel->insert([...], true)
 5 APPPATH\Database\Seeds\DownloadsSeeder.php(95): CodeIgniter\Model->insert([...])
 6 SYSTEMPATH\Database\Seeder.php(147): App\Database\Seeds\DownloadsSeeder->run()
 7 APPPATH\Database\Seeds\A1Seeder.php(12): CodeIgniter\Database\Seeder->call('App\\Database\\Seeds\\DownloadsSeeder')
 8 SYSTEMPATH\Database\Seeder.php(147): App\Database\Seeds\A1Seeder->run()
 9 APPPATH\Database\Seeds\BaseSeeder.php(13): CodeIgniter\Database\Seeder->call('App\\Database\\Seeds\\A1Seeder')
10 SYSTEMPATH\Database\Seeder.php(147): App\Database\Seeds\BaseSeeder->run()
11 APPPATH\Commands\Install.php(81): CodeIgniter\Database\Seeder->call('App\\Database\\Seeds\\BaseSeeder')
12 APPPATH\Commands\Install.php(53): App\Commands\Install->runSeeder()
13 SYSTEMPATH\CLI\Commands.php(70): App\Commands\Install->run([])
14 SYSTEMPATH\CLI\Console.php(48): CodeIgniter\CLI\Commands->run('starter:install', [])
15 SYSTEMPATH\Boot.php(351): CodeIgniter\CLI\Console->run()
16 SYSTEMPATH\Boot.php(104): CodeIgniter\Boot::runCommand(Object(CodeIgniter\CLI\Console))
17 ROOTPATH\spark(84): CodeIgniter\Boot::bootSpark(Object(Config\Paths))
CRITICAL - 2024-11-27 09:18:08 --> [Caused by] CodeIgniter\Database\Exceptions\DatabaseException: Cannot add or update a child row: a foreign key constraint fails (`808_starter`.`downloads`, CONSTRAINT `downloads_category_id_foreign` FOREIGN KEY (`category_id`) REFERENCES `categories` (`id`) ON DELETE CASCADE ON UPDATE CASCADE)
in SYSTEMPATH\Database\MySQLi\Connection.php on line 317.
 1 SYSTEMPATH\Database\BaseConnection.php(734): CodeIgniter\Database\MySQLi\Connection->execute('INSERT INTO `downloads` (`category_id`, `user_id`, `name`, `type`, `description`, `image`, `image_alt`, `website`, `hits`, `created_at`, `updated_at`) VALUES (1, \'1\', \'None\', \'ebook\', \'Select none...\', \'noimage.webp\', \'image alt text\', \'808.biz\', \'0\', \'2024-11-27 09:18:08\', \'2024-11-27 09:18:08\')')
 2 SYSTEMPATH\Database\BaseConnection.php(648): CodeIgniter\Database\BaseConnection->simpleQuery('INSERT INTO `downloads` (`category_id`, `user_id`, `name`, `type`, `description`, `image`, `image_alt`, `website`, `hits`, `created_at`, `updated_at`) VALUES (1, \'1\', \'None\', \'ebook\', \'Select none...\', \'noimage.webp\', \'image alt text\', \'808.biz\', \'0\', \'2024-11-27 09:18:08\', \'2024-11-27 09:18:08\')')
 3 SYSTEMPATH\Database\BaseBuilder.php(2340): CodeIgniter\Database\BaseConnection->query('INSERT INTO `downloads` (`category_id`, `user_id`, `name`, `type`, `description`, `image`, `image_alt`, `website`, `hits`, `created_at`, `updated_at`) VALUES (:category_id:, :user_id:, :name:, :type:, :description:, :image:, :image_alt:, :website:, :hits:, :created_at:, :updated_at:)', [...], false)
 4 SYSTEMPATH\Model.php(394): CodeIgniter\Database\BaseBuilder->insert()
 5 SYSTEMPATH\BaseModel.php(840): CodeIgniter\Model->doInsert([...])
 6 SYSTEMPATH\Model.php(802): CodeIgniter\BaseModel->insert([...], true)
 7 APPPATH\Database\Seeds\DownloadsSeeder.php(95): CodeIgniter\Model->insert([...])
 8 SYSTEMPATH\Database\Seeder.php(147): App\Database\Seeds\DownloadsSeeder->run()
 9 APPPATH\Database\Seeds\A1Seeder.php(12): CodeIgniter\Database\Seeder->call('App\\Database\\Seeds\\DownloadsSeeder')
10 SYSTEMPATH\Database\Seeder.php(147): App\Database\Seeds\A1Seeder->run()
11 APPPATH\Database\Seeds\BaseSeeder.php(13): CodeIgniter\Database\Seeder->call('App\\Database\\Seeds\\A1Seeder')
12 SYSTEMPATH\Database\Seeder.php(147): App\Database\Seeds\BaseSeeder->run()
13 APPPATH\Commands\Install.php(81): CodeIgniter\Database\Seeder->call('App\\Database\\Seeds\\BaseSeeder')
14 APPPATH\Commands\Install.php(53): App\Commands\Install->runSeeder()
15 SYSTEMPATH\CLI\Commands.php(70): App\Commands\Install->run([])
16 SYSTEMPATH\CLI\Console.php(48): CodeIgniter\CLI\Commands->run('starter:install', [])
17 SYSTEMPATH\Boot.php(351): CodeIgniter\CLI\Console->run()
18 SYSTEMPATH\Boot.php(104): CodeIgniter\Boot::runCommand(Object(CodeIgniter\CLI\Console))
19 ROOTPATH\spark(84): CodeIgniter\Boot::bootSpark(Object(Config\Paths))
CRITICAL - 2024-11-27 09:18:08 --> [Caused by] mysqli_sql_exception: Cannot add or update a child row: a foreign key constraint fails (`808_starter`.`downloads`, CONSTRAINT `downloads_category_id_foreign` FOREIGN KEY (`category_id`) REFERENCES `categories` (`id`) ON DELETE CASCADE ON UPDATE CASCADE)
in SYSTEMPATH\Database\MySQLi\Connection.php on line 312.
 1 SYSTEMPATH\Database\MySQLi\Connection.php(312): mysqli->query('INSERT INTO `downloads` (`category_id`, `user_id`, `name`, `type`, `description`, `image`, `image_alt`, `website`, `hits`, `created_at`, `updated_at`) VALUES (1, \'1\', \'None\', \'ebook\', \'Select none...\', \'noimage.webp\', \'image alt text\', \'808.biz\', \'0\', \'2024-11-27 09:18:08\', \'2024-11-27 09:18:08\')', 0)
 2 SYSTEMPATH\Database\BaseConnection.php(734): CodeIgniter\Database\MySQLi\Connection->execute('INSERT INTO `downloads` (`category_id`, `user_id`, `name`, `type`, `description`, `image`, `image_alt`, `website`, `hits`, `created_at`, `updated_at`) VALUES (1, \'1\', \'None\', \'ebook\', \'Select none...\', \'noimage.webp\', \'image alt text\', \'808.biz\', \'0\', \'2024-11-27 09:18:08\', \'2024-11-27 09:18:08\')')
 3 SYSTEMPATH\Database\BaseConnection.php(648): CodeIgniter\Database\BaseConnection->simpleQuery('INSERT INTO `downloads` (`category_id`, `user_id`, `name`, `type`, `description`, `image`, `image_alt`, `website`, `hits`, `created_at`, `updated_at`) VALUES (1, \'1\', \'None\', \'ebook\', \'Select none...\', \'noimage.webp\', \'image alt text\', \'808.biz\', \'0\', \'2024-11-27 09:18:08\', \'2024-11-27 09:18:08\')')
 4 SYSTEMPATH\Database\BaseBuilder.php(2340): CodeIgniter\Database\BaseConnection->query('INSERT INTO `downloads` (`category_id`, `user_id`, `name`, `type`, `description`, `image`, `image_alt`, `website`, `hits`, `created_at`, `updated_at`) VALUES (:category_id:, :user_id:, :name:, :type:, :description:, :image:, :image_alt:, :website:, :hits:, :created_at:, :updated_at:)', [...], false)
 5 SYSTEMPATH\Model.php(394): CodeIgniter\Database\BaseBuilder->insert()
 6 SYSTEMPATH\BaseModel.php(840): CodeIgniter\Model->doInsert([...])
 7 SYSTEMPATH\Model.php(802): CodeIgniter\BaseModel->insert([...], true)
 8 APPPATH\Database\Seeds\DownloadsSeeder.php(95): CodeIgniter\Model->insert([...])
 9 SYSTEMPATH\Database\Seeder.php(147): App\Database\Seeds\DownloadsSeeder->run()
10 APPPATH\Database\Seeds\A1Seeder.php(12): CodeIgniter\Database\Seeder->call('App\\Database\\Seeds\\DownloadsSeeder')
11 SYSTEMPATH\Database\Seeder.php(147): App\Database\Seeds\A1Seeder->run()
12 APPPATH\Database\Seeds\BaseSeeder.php(13): CodeIgniter\Database\Seeder->call('App\\Database\\Seeds\\A1Seeder')
13 SYSTEMPATH\Database\Seeder.php(147): App\Database\Seeds\BaseSeeder->run()
14 APPPATH\Commands\Install.php(81): CodeIgniter\Database\Seeder->call('App\\Database\\Seeds\\BaseSeeder')
15 APPPATH\Commands\Install.php(53): App\Commands\Install->runSeeder()
16 SYSTEMPATH\CLI\Commands.php(70): App\Commands\Install->run([])
17 SYSTEMPATH\CLI\Console.php(48): CodeIgniter\CLI\Commands->run('starter:install', [])
18 SYSTEMPATH\Boot.php(351): CodeIgniter\CLI\Console->run()
19 SYSTEMPATH\Boot.php(104): CodeIgniter\Boot::runCommand(Object(CodeIgniter\CLI\Console))
20 ROOTPATH\spark(84): CodeIgniter\Boot::bootSpark(Object(Config\Paths))
ERROR - 2024-11-27 09:22:43 --> mysqli_sql_exception: Column 'clients_id' cannot be null in X:\00.templates\ci4-starter\dist\vendor\codeigniter4\framework\system\Database\MySQLi\Connection.php:312
Stack trace:
#0 X:\00.templates\ci4-starter\dist\vendor\codeigniter4\framework\system\Database\MySQLi\Connection.php(312): mysqli->query('INSERT INTO `te...', 0)
#1 X:\00.templates\ci4-starter\dist\vendor\codeigniter4\framework\system\Database\BaseConnection.php(734): CodeIgniter\Database\MySQLi\Connection->execute('INSERT INTO `te...')
#2 X:\00.templates\ci4-starter\dist\vendor\codeigniter4\framework\system\Database\BaseConnection.php(648): CodeIgniter\Database\BaseConnection->simpleQuery('INSERT INTO `te...')
#3 X:\00.templates\ci4-starter\dist\vendor\codeigniter4\framework\system\Database\BaseBuilder.php(2340): CodeIgniter\Database\BaseConnection->query('INSERT INTO `te...', Array, false)
#4 X:\00.templates\ci4-starter\dist\vendor\codeigniter4\framework\system\Model.php(394): CodeIgniter\Database\BaseBuilder->insert()
#5 X:\00.templates\ci4-starter\dist\vendor\codeigniter4\framework\system\BaseModel.php(840): CodeIgniter\Model->doInsert(Array)
#6 X:\00.templates\ci4-starter\dist\vendor\codeigniter4\framework\system\Model.php(802): CodeIgniter\BaseModel->insert(Array, false)
#7 X:\00.templates\ci4-starter\dist\vendor\codeigniter4\framework\system\BaseModel.php(751): CodeIgniter\Model->insert(Array, false)
#8 X:\00.templates\ci4-starter\dist\app\Database\Seeds\TestimonialSeeder.php(39): CodeIgniter\BaseModel->save(Array)
#9 X:\00.templates\ci4-starter\dist\vendor\codeigniter4\framework\system\Database\Seeder.php(147): App\Database\Seeds\TestimonialSeeder->run()
#10 X:\00.templates\ci4-starter\dist\app\Database\Seeds\A2Seeder.php(33): CodeIgniter\Database\Seeder->call('App\\Database\\Se...')
#11 X:\00.templates\ci4-starter\dist\vendor\codeigniter4\framework\system\Database\Seeder.php(147): App\Database\Seeds\A2Seeder->run()
#12 X:\00.templates\ci4-starter\dist\app\Database\Seeds\BaseSeeder.php(14): CodeIgniter\Database\Seeder->call('App\\Database\\Se...')
#13 X:\00.templates\ci4-starter\dist\vendor\codeigniter4\framework\system\Database\Seeder.php(147): App\Database\Seeds\BaseSeeder->run()
#14 X:\00.templates\ci4-starter\dist\app\Commands\Install.php(81): CodeIgniter\Database\Seeder->call('App\\Database\\Se...')
#15 X:\00.templates\ci4-starter\dist\app\Commands\Install.php(53): App\Commands\Install->runSeeder()
#16 X:\00.templates\ci4-starter\dist\vendor\codeigniter4\framework\system\CLI\Commands.php(70): App\Commands\Install->run(Array)
#17 X:\00.templates\ci4-starter\dist\vendor\codeigniter4\framework\system\CLI\Console.php(48): CodeIgniter\CLI\Commands->run('starter:install', Array)
#18 X:\00.templates\ci4-starter\dist\vendor\codeigniter4\framework\system\Boot.php(351): CodeIgniter\CLI\Console->run()
#19 X:\00.templates\ci4-starter\dist\vendor\codeigniter4\framework\system\Boot.php(104): CodeIgniter\Boot::runCommand(Object(CodeIgniter\CLI\Console))
#20 X:\00.templates\ci4-starter\dist\spark(84): CodeIgniter\Boot::bootSpark(Object(Config\Paths))
#21 {main}
CRITICAL - 2024-11-27 09:22:43 --> CodeIgniter\Database\Exceptions\DatabaseException: Column 'clients_id' cannot be null
[Method: CLI, Route: starter:install]
in SYSTEMPATH\Database\BaseConnection.php on line 688.
 1 SYSTEMPATH\Database\BaseBuilder.php(2340): CodeIgniter\Database\BaseConnection->query('INSERT INTO `testimonials` (`picture`, `info`, `users_id`, `clients_id`, `created_at`, `updated_at`) VALUES (:picture:, :info:, :users_id:, :clients_id:, :created_at:, :updated_at:)', [...], false)
 2 SYSTEMPATH\Model.php(394): CodeIgniter\Database\BaseBuilder->insert()
 3 SYSTEMPATH\BaseModel.php(840): CodeIgniter\Model->doInsert([...])
 4 SYSTEMPATH\Model.php(802): CodeIgniter\BaseModel->insert([...], false)
 5 SYSTEMPATH\BaseModel.php(751): CodeIgniter\Model->insert([...], false)
 6 APPPATH\Database\Seeds\TestimonialSeeder.php(39): CodeIgniter\BaseModel->save([...])
 7 SYSTEMPATH\Database\Seeder.php(147): App\Database\Seeds\TestimonialSeeder->run()
 8 APPPATH\Database\Seeds\A2Seeder.php(33): CodeIgniter\Database\Seeder->call('App\\Database\\Seeds\\TestimonialSeeder')
 9 SYSTEMPATH\Database\Seeder.php(147): App\Database\Seeds\A2Seeder->run()
10 APPPATH\Database\Seeds\BaseSeeder.php(14): CodeIgniter\Database\Seeder->call('App\\Database\\Seeds\\A2Seeder')
11 SYSTEMPATH\Database\Seeder.php(147): App\Database\Seeds\BaseSeeder->run()
12 APPPATH\Commands\Install.php(81): CodeIgniter\Database\Seeder->call('App\\Database\\Seeds\\BaseSeeder')
13 APPPATH\Commands\Install.php(53): App\Commands\Install->runSeeder()
14 SYSTEMPATH\CLI\Commands.php(70): App\Commands\Install->run([])
15 SYSTEMPATH\CLI\Console.php(48): CodeIgniter\CLI\Commands->run('starter:install', [])
16 SYSTEMPATH\Boot.php(351): CodeIgniter\CLI\Console->run()
17 SYSTEMPATH\Boot.php(104): CodeIgniter\Boot::runCommand(Object(CodeIgniter\CLI\Console))
18 ROOTPATH\spark(84): CodeIgniter\Boot::bootSpark(Object(Config\Paths))
CRITICAL - 2024-11-27 09:22:43 --> [Caused by] CodeIgniter\Database\Exceptions\DatabaseException: Column 'clients_id' cannot be null
in SYSTEMPATH\Database\MySQLi\Connection.php on line 317.
 1 SYSTEMPATH\Database\BaseConnection.php(734): CodeIgniter\Database\MySQLi\Connection->execute('INSERT INTO `testimonials` (`picture`, `info`, `users_id`, `clients_id`, `created_at`, `updated_at`) VALUES (\'0.jpg\', \'interesting place\', (\'2\'), NULL, \'2024-11-27 09:22:43\', \'2024-11-27 09:22:43\')')
 2 SYSTEMPATH\Database\BaseConnection.php(648): CodeIgniter\Database\BaseConnection->simpleQuery('INSERT INTO `testimonials` (`picture`, `info`, `users_id`, `clients_id`, `created_at`, `updated_at`) VALUES (\'0.jpg\', \'interesting place\', (\'2\'), NULL, \'2024-11-27 09:22:43\', \'2024-11-27 09:22:43\')')
 3 SYSTEMPATH\Database\BaseBuilder.php(2340): CodeIgniter\Database\BaseConnection->query('INSERT INTO `testimonials` (`picture`, `info`, `users_id`, `clients_id`, `created_at`, `updated_at`) VALUES (:picture:, :info:, :users_id:, :clients_id:, :created_at:, :updated_at:)', [...], false)
 4 SYSTEMPATH\Model.php(394): CodeIgniter\Database\BaseBuilder->insert()
 5 SYSTEMPATH\BaseModel.php(840): CodeIgniter\Model->doInsert([...])
 6 SYSTEMPATH\Model.php(802): CodeIgniter\BaseModel->insert([...], false)
 7 SYSTEMPATH\BaseModel.php(751): CodeIgniter\Model->insert([...], false)
 8 APPPATH\Database\Seeds\TestimonialSeeder.php(39): CodeIgniter\BaseModel->save([...])
 9 SYSTEMPATH\Database\Seeder.php(147): App\Database\Seeds\TestimonialSeeder->run()
10 APPPATH\Database\Seeds\A2Seeder.php(33): CodeIgniter\Database\Seeder->call('App\\Database\\Seeds\\TestimonialSeeder')
11 SYSTEMPATH\Database\Seeder.php(147): App\Database\Seeds\A2Seeder->run()
12 APPPATH\Database\Seeds\BaseSeeder.php(14): CodeIgniter\Database\Seeder->call('App\\Database\\Seeds\\A2Seeder')
13 SYSTEMPATH\Database\Seeder.php(147): App\Database\Seeds\BaseSeeder->run()
14 APPPATH\Commands\Install.php(81): CodeIgniter\Database\Seeder->call('App\\Database\\Seeds\\BaseSeeder')
15 APPPATH\Commands\Install.php(53): App\Commands\Install->runSeeder()
16 SYSTEMPATH\CLI\Commands.php(70): App\Commands\Install->run([])
17 SYSTEMPATH\CLI\Console.php(48): CodeIgniter\CLI\Commands->run('starter:install', [])
18 SYSTEMPATH\Boot.php(351): CodeIgniter\CLI\Console->run()
19 SYSTEMPATH\Boot.php(104): CodeIgniter\Boot::runCommand(Object(CodeIgniter\CLI\Console))
20 ROOTPATH\spark(84): CodeIgniter\Boot::bootSpark(Object(Config\Paths))
CRITICAL - 2024-11-27 09:22:43 --> [Caused by] mysqli_sql_exception: Column 'clients_id' cannot be null
in SYSTEMPATH\Database\MySQLi\Connection.php on line 312.
 1 SYSTEMPATH\Database\MySQLi\Connection.php(312): mysqli->query('INSERT INTO `testimonials` (`picture`, `info`, `users_id`, `clients_id`, `created_at`, `updated_at`) VALUES (\'0.jpg\', \'interesting place\', (\'2\'), NULL, \'2024-11-27 09:22:43\', \'2024-11-27 09:22:43\')', 0)
 2 SYSTEMPATH\Database\BaseConnection.php(734): CodeIgniter\Database\MySQLi\Connection->execute('INSERT INTO `testimonials` (`picture`, `info`, `users_id`, `clients_id`, `created_at`, `updated_at`) VALUES (\'0.jpg\', \'interesting place\', (\'2\'), NULL, \'2024-11-27 09:22:43\', \'2024-11-27 09:22:43\')')
 3 SYSTEMPATH\Database\BaseConnection.php(648): CodeIgniter\Database\BaseConnection->simpleQuery('INSERT INTO `testimonials` (`picture`, `info`, `users_id`, `clients_id`, `created_at`, `updated_at`) VALUES (\'0.jpg\', \'interesting place\', (\'2\'), NULL, \'2024-11-27 09:22:43\', \'2024-11-27 09:22:43\')')
 4 SYSTEMPATH\Database\BaseBuilder.php(2340): CodeIgniter\Database\BaseConnection->query('INSERT INTO `testimonials` (`picture`, `info`, `users_id`, `clients_id`, `created_at`, `updated_at`) VALUES (:picture:, :info:, :users_id:, :clients_id:, :created_at:, :updated_at:)', [...], false)
 5 SYSTEMPATH\Model.php(394): CodeIgniter\Database\BaseBuilder->insert()
 6 SYSTEMPATH\BaseModel.php(840): CodeIgniter\Model->doInsert([...])
 7 SYSTEMPATH\Model.php(802): CodeIgniter\BaseModel->insert([...], false)
 8 SYSTEMPATH\BaseModel.php(751): CodeIgniter\Model->insert([...], false)
 9 APPPATH\Database\Seeds\TestimonialSeeder.php(39): CodeIgniter\BaseModel->save([...])
10 SYSTEMPATH\Database\Seeder.php(147): App\Database\Seeds\TestimonialSeeder->run()
11 APPPATH\Database\Seeds\A2Seeder.php(33): CodeIgniter\Database\Seeder->call('App\\Database\\Seeds\\TestimonialSeeder')
12 SYSTEMPATH\Database\Seeder.php(147): App\Database\Seeds\A2Seeder->run()
13 APPPATH\Database\Seeds\BaseSeeder.php(14): CodeIgniter\Database\Seeder->call('App\\Database\\Seeds\\A2Seeder')
14 SYSTEMPATH\Database\Seeder.php(147): App\Database\Seeds\BaseSeeder->run()
15 APPPATH\Commands\Install.php(81): CodeIgniter\Database\Seeder->call('App\\Database\\Seeds\\BaseSeeder')
16 APPPATH\Commands\Install.php(53): App\Commands\Install->runSeeder()
17 SYSTEMPATH\CLI\Commands.php(70): App\Commands\Install->run([])
18 SYSTEMPATH\CLI\Console.php(48): CodeIgniter\CLI\Commands->run('starter:install', [])
19 SYSTEMPATH\Boot.php(351): CodeIgniter\CLI\Console->run()
20 SYSTEMPATH\Boot.php(104): CodeIgniter\Boot::runCommand(Object(CodeIgniter\CLI\Console))
21 ROOTPATH\spark(84): CodeIgniter\Boot::bootSpark(Object(Config\Paths))
